ARM GAS  /tmp/cczHybed.s 			page 1


   1              		.syntax unified
   2              		.cpu cortex-m3
   3              		.fpu softvfp
   4              		.eabi_attribute 20, 1
   5              		.eabi_attribute 21, 1
   6              		.eabi_attribute 23, 3
   7              		.eabi_attribute 24, 1
   8              		.eabi_attribute 25, 1
   9              		.eabi_attribute 26, 1
  10              		.eabi_attribute 30, 1
  11              		.eabi_attribute 34, 1
  12              		.eabi_attribute 18, 4
  13              		.thumb
  14              		.syntax unified
  15              		.file	"stm32f1xx_hal_msp.c"
  16              		.text
  17              	.Ltext0:
  18              		.cfi_sections	.debug_frame
  19              		.section	.text.HAL_MspInit,"ax",%progbits
  20              		.align	2
  21              		.global	HAL_MspInit
  22              		.thumb
  23              		.thumb_func
  25              	HAL_MspInit:
  26              	.LFB64:
  27              		.file 1 "Src/stm32f1xx_hal_msp.c"
   1:Src/stm32f1xx_hal_msp.c **** /**
   2:Src/stm32f1xx_hal_msp.c ****   ******************************************************************************
   3:Src/stm32f1xx_hal_msp.c ****   * File Name          : stm32f1xx_hal_msp.c
   4:Src/stm32f1xx_hal_msp.c ****   * Description        : This file provides code for the MSP Initialization 
   5:Src/stm32f1xx_hal_msp.c ****   *                      and de-Initialization codes.
   6:Src/stm32f1xx_hal_msp.c ****   ******************************************************************************
   7:Src/stm32f1xx_hal_msp.c ****   * This notice applies to any and all portions of this file
   8:Src/stm32f1xx_hal_msp.c ****   * that are not between comment pairs USER CODE BEGIN and
   9:Src/stm32f1xx_hal_msp.c ****   * USER CODE END. Other portions of this file, whether 
  10:Src/stm32f1xx_hal_msp.c ****   * inserted by the user or by software development tools
  11:Src/stm32f1xx_hal_msp.c ****   * are owned by their respective copyright owners.
  12:Src/stm32f1xx_hal_msp.c ****   *
  13:Src/stm32f1xx_hal_msp.c ****   * Copyright (c) 2019 STMicroelectronics International N.V. 
  14:Src/stm32f1xx_hal_msp.c ****   * All rights reserved.
  15:Src/stm32f1xx_hal_msp.c ****   *
  16:Src/stm32f1xx_hal_msp.c ****   * Redistribution and use in source and binary forms, with or without 
  17:Src/stm32f1xx_hal_msp.c ****   * modification, are permitted, provided that the following conditions are met:
  18:Src/stm32f1xx_hal_msp.c ****   *
  19:Src/stm32f1xx_hal_msp.c ****   * 1. Redistribution of source code must retain the above copyright notice, 
  20:Src/stm32f1xx_hal_msp.c ****   *    this list of conditions and the following disclaimer.
  21:Src/stm32f1xx_hal_msp.c ****   * 2. Redistributions in binary form must reproduce the above copyright notice,
  22:Src/stm32f1xx_hal_msp.c ****   *    this list of conditions and the following disclaimer in the documentation
  23:Src/stm32f1xx_hal_msp.c ****   *    and/or other materials provided with the distribution.
  24:Src/stm32f1xx_hal_msp.c ****   * 3. Neither the name of STMicroelectronics nor the names of other 
  25:Src/stm32f1xx_hal_msp.c ****   *    contributors to this software may be used to endorse or promote products 
  26:Src/stm32f1xx_hal_msp.c ****   *    derived from this software without specific written permission.
  27:Src/stm32f1xx_hal_msp.c ****   * 4. This software, including modifications and/or derivative works of this 
  28:Src/stm32f1xx_hal_msp.c ****   *    software, must execute solely and exclusively on microcontroller or
  29:Src/stm32f1xx_hal_msp.c ****   *    microprocessor devices manufactured by or for STMicroelectronics.
  30:Src/stm32f1xx_hal_msp.c ****   * 5. Redistribution and use of this software other than as permitted under 
  31:Src/stm32f1xx_hal_msp.c ****   *    this license is void and will automatically terminate your rights under 
ARM GAS  /tmp/cczHybed.s 			page 2


  32:Src/stm32f1xx_hal_msp.c ****   *    this license. 
  33:Src/stm32f1xx_hal_msp.c ****   *
  34:Src/stm32f1xx_hal_msp.c ****   * THIS SOFTWARE IS PROVIDED BY STMICROELECTRONICS AND CONTRIBUTORS "AS IS" 
  35:Src/stm32f1xx_hal_msp.c ****   * AND ANY EXPRESS, IMPLIED OR STATUTORY WARRANTIES, INCLUDING, BUT NOT 
  36:Src/stm32f1xx_hal_msp.c ****   * LIMITED TO, THE IMPLIED WARRANTIES OF MERCHANTABILITY, FITNESS FOR A 
  37:Src/stm32f1xx_hal_msp.c ****   * PARTICULAR PURPOSE AND NON-INFRINGEMENT OF THIRD PARTY INTELLECTUAL PROPERTY
  38:Src/stm32f1xx_hal_msp.c ****   * RIGHTS ARE DISCLAIMED TO THE FULLEST EXTENT PERMITTED BY LAW. IN NO EVENT 
  39:Src/stm32f1xx_hal_msp.c ****   * SHALL STMICROELECTRONICS OR CONTRIBUTORS BE LIABLE FOR ANY DIRECT, INDIRECT,
  40:Src/stm32f1xx_hal_msp.c ****   * INCIDENTAL, SPECIAL, EXEMPLARY, OR CONSEQUENTIAL DAMAGES (INCLUDING, BUT NOT
  41:Src/stm32f1xx_hal_msp.c ****   * LIMITED TO, PROCUREMENT OF SUBSTITUTE GOODS OR SERVICES; LOSS OF USE, DATA, 
  42:Src/stm32f1xx_hal_msp.c ****   * OR PROFITS; OR BUSINESS INTERRUPTION) HOWEVER CAUSED AND ON ANY THEORY OF 
  43:Src/stm32f1xx_hal_msp.c ****   * LIABILITY, WHETHER IN CONTRACT, STRICT LIABILITY, OR TORT (INCLUDING 
  44:Src/stm32f1xx_hal_msp.c ****   * NEGLIGENCE OR OTHERWISE) ARISING IN ANY WAY OUT OF THE USE OF THIS SOFTWARE,
  45:Src/stm32f1xx_hal_msp.c ****   * EVEN IF ADVISED OF THE POSSIBILITY OF SUCH DAMAGE.
  46:Src/stm32f1xx_hal_msp.c ****   *
  47:Src/stm32f1xx_hal_msp.c ****   ******************************************************************************
  48:Src/stm32f1xx_hal_msp.c ****   */
  49:Src/stm32f1xx_hal_msp.c **** /* Includes ------------------------------------------------------------------*/
  50:Src/stm32f1xx_hal_msp.c **** #include "stm32f1xx_hal.h"
  51:Src/stm32f1xx_hal_msp.c **** 
  52:Src/stm32f1xx_hal_msp.c **** extern void _Error_Handler(char *, int);
  53:Src/stm32f1xx_hal_msp.c **** /* USER CODE BEGIN 0 */
  54:Src/stm32f1xx_hal_msp.c **** 
  55:Src/stm32f1xx_hal_msp.c **** /* USER CODE END 0 */
  56:Src/stm32f1xx_hal_msp.c **** /**
  57:Src/stm32f1xx_hal_msp.c ****   * Initializes the Global MSP.
  58:Src/stm32f1xx_hal_msp.c ****   */
  59:Src/stm32f1xx_hal_msp.c **** void HAL_MspInit(void)
  60:Src/stm32f1xx_hal_msp.c **** {
  28              		.loc 1 60 0
  29              		.cfi_startproc
  30              		@ args = 0, pretend = 0, frame = 8
  31              		@ frame_needed = 0, uses_anonymous_args = 0
  32 0000 00B5     		push	{lr}
  33              	.LCFI0:
  34              		.cfi_def_cfa_offset 4
  35              		.cfi_offset 14, -4
  36 0002 83B0     		sub	sp, sp, #12
  37              	.LCFI1:
  38              		.cfi_def_cfa_offset 16
  39              	.LBB2:
  61:Src/stm32f1xx_hal_msp.c ****   /* USER CODE BEGIN MspInit 0 */
  62:Src/stm32f1xx_hal_msp.c **** 
  63:Src/stm32f1xx_hal_msp.c ****   /* USER CODE END MspInit 0 */
  64:Src/stm32f1xx_hal_msp.c **** 
  65:Src/stm32f1xx_hal_msp.c ****   __HAL_RCC_AFIO_CLK_ENABLE();
  40              		.loc 1 65 0
  41 0004 244B     		ldr	r3, .L3
  42 0006 9A69     		ldr	r2, [r3, #24]
  43 0008 42F00102 		orr	r2, r2, #1
  44 000c 9A61     		str	r2, [r3, #24]
  45 000e 9A69     		ldr	r2, [r3, #24]
  46 0010 02F00102 		and	r2, r2, #1
  47 0014 0092     		str	r2, [sp]
  48 0016 009A     		ldr	r2, [sp]
  49              	.LBE2:
  50              	.LBB3:
ARM GAS  /tmp/cczHybed.s 			page 3


  66:Src/stm32f1xx_hal_msp.c ****   __HAL_RCC_PWR_CLK_ENABLE();
  51              		.loc 1 66 0
  52 0018 DA69     		ldr	r2, [r3, #28]
  53 001a 42F08052 		orr	r2, r2, #268435456
  54 001e DA61     		str	r2, [r3, #28]
  55 0020 DB69     		ldr	r3, [r3, #28]
  56 0022 03F08053 		and	r3, r3, #268435456
  57 0026 0193     		str	r3, [sp, #4]
  58 0028 019B     		ldr	r3, [sp, #4]
  59              	.LBE3:
  67:Src/stm32f1xx_hal_msp.c **** 
  68:Src/stm32f1xx_hal_msp.c ****   HAL_NVIC_SetPriorityGrouping(NVIC_PRIORITYGROUP_4);
  60              		.loc 1 68 0
  61 002a 0320     		movs	r0, #3
  62 002c FFF7FEFF 		bl	HAL_NVIC_SetPriorityGrouping
  63              	.LVL0:
  69:Src/stm32f1xx_hal_msp.c **** 
  70:Src/stm32f1xx_hal_msp.c ****   /* System interrupt init*/
  71:Src/stm32f1xx_hal_msp.c ****   /* MemoryManagement_IRQn interrupt configuration */
  72:Src/stm32f1xx_hal_msp.c ****   HAL_NVIC_SetPriority(MemoryManagement_IRQn, 0, 0);
  64              		.loc 1 72 0
  65 0030 0022     		movs	r2, #0
  66 0032 1146     		mov	r1, r2
  67 0034 6FF00B00 		mvn	r0, #11
  68 0038 FFF7FEFF 		bl	HAL_NVIC_SetPriority
  69              	.LVL1:
  73:Src/stm32f1xx_hal_msp.c ****   /* BusFault_IRQn interrupt configuration */
  74:Src/stm32f1xx_hal_msp.c ****   HAL_NVIC_SetPriority(BusFault_IRQn, 0, 0);
  70              		.loc 1 74 0
  71 003c 0022     		movs	r2, #0
  72 003e 1146     		mov	r1, r2
  73 0040 6FF00A00 		mvn	r0, #10
  74 0044 FFF7FEFF 		bl	HAL_NVIC_SetPriority
  75              	.LVL2:
  75:Src/stm32f1xx_hal_msp.c ****   /* UsageFault_IRQn interrupt configuration */
  76:Src/stm32f1xx_hal_msp.c ****   HAL_NVIC_SetPriority(UsageFault_IRQn, 0, 0);
  76              		.loc 1 76 0
  77 0048 0022     		movs	r2, #0
  78 004a 1146     		mov	r1, r2
  79 004c 6FF00900 		mvn	r0, #9
  80 0050 FFF7FEFF 		bl	HAL_NVIC_SetPriority
  81              	.LVL3:
  77:Src/stm32f1xx_hal_msp.c ****   /* SVCall_IRQn interrupt configuration */
  78:Src/stm32f1xx_hal_msp.c ****   HAL_NVIC_SetPriority(SVCall_IRQn, 0, 0);
  82              		.loc 1 78 0
  83 0054 0022     		movs	r2, #0
  84 0056 1146     		mov	r1, r2
  85 0058 6FF00400 		mvn	r0, #4
  86 005c FFF7FEFF 		bl	HAL_NVIC_SetPriority
  87              	.LVL4:
  79:Src/stm32f1xx_hal_msp.c ****   /* DebugMonitor_IRQn interrupt configuration */
  80:Src/stm32f1xx_hal_msp.c ****   HAL_NVIC_SetPriority(DebugMonitor_IRQn, 0, 0);
  88              		.loc 1 80 0
  89 0060 0022     		movs	r2, #0
  90 0062 1146     		mov	r1, r2
  91 0064 6FF00300 		mvn	r0, #3
  92 0068 FFF7FEFF 		bl	HAL_NVIC_SetPriority
ARM GAS  /tmp/cczHybed.s 			page 4


  93              	.LVL5:
  81:Src/stm32f1xx_hal_msp.c ****   /* PendSV_IRQn interrupt configuration */
  82:Src/stm32f1xx_hal_msp.c ****   HAL_NVIC_SetPriority(PendSV_IRQn, 15, 0);
  94              		.loc 1 82 0
  95 006c 0022     		movs	r2, #0
  96 006e 0F21     		movs	r1, #15
  97 0070 6FF00100 		mvn	r0, #1
  98 0074 FFF7FEFF 		bl	HAL_NVIC_SetPriority
  99              	.LVL6:
  83:Src/stm32f1xx_hal_msp.c ****   /* SysTick_IRQn interrupt configuration */
  84:Src/stm32f1xx_hal_msp.c ****   HAL_NVIC_SetPriority(SysTick_IRQn, 15, 0);
 100              		.loc 1 84 0
 101 0078 0022     		movs	r2, #0
 102 007a 0F21     		movs	r1, #15
 103 007c 4FF0FF30 		mov	r0, #-1
 104 0080 FFF7FEFF 		bl	HAL_NVIC_SetPriority
 105              	.LVL7:
 106              	.LBB4:
  85:Src/stm32f1xx_hal_msp.c **** 
  86:Src/stm32f1xx_hal_msp.c ****     /**NOJTAG: JTAG-DP Disabled and SW-DP Enabled 
  87:Src/stm32f1xx_hal_msp.c ****     */
  88:Src/stm32f1xx_hal_msp.c ****   __HAL_AFIO_REMAP_SWJ_NOJTAG();
 107              		.loc 1 88 0
 108 0084 054A     		ldr	r2, .L3+4
 109 0086 5368     		ldr	r3, [r2, #4]
 110              	.LVL8:
 111 0088 23F0E063 		bic	r3, r3, #117440512
 112              	.LVL9:
 113 008c 43F00073 		orr	r3, r3, #33554432
 114              	.LVL10:
 115 0090 5360     		str	r3, [r2, #4]
 116              	.LBE4:
  89:Src/stm32f1xx_hal_msp.c **** 
  90:Src/stm32f1xx_hal_msp.c ****   /* USER CODE BEGIN MspInit 1 */
  91:Src/stm32f1xx_hal_msp.c **** 
  92:Src/stm32f1xx_hal_msp.c ****   /* USER CODE END MspInit 1 */
  93:Src/stm32f1xx_hal_msp.c **** }
 117              		.loc 1 93 0
 118 0092 03B0     		add	sp, sp, #12
 119              	.LCFI2:
 120              		.cfi_def_cfa_offset 4
 121              		@ sp needed
 122 0094 5DF804FB 		ldr	pc, [sp], #4
 123              	.L4:
 124              		.align	2
 125              	.L3:
 126 0098 00100240 		.word	1073876992
 127 009c 00000140 		.word	1073807360
 128              		.cfi_endproc
 129              	.LFE64:
 131              		.section	.text.HAL_CAN_MspInit,"ax",%progbits
 132              		.align	2
 133              		.global	HAL_CAN_MspInit
 134              		.thumb
 135              		.thumb_func
 137              	HAL_CAN_MspInit:
 138              	.LFB65:
ARM GAS  /tmp/cczHybed.s 			page 5


  94:Src/stm32f1xx_hal_msp.c **** 
  95:Src/stm32f1xx_hal_msp.c **** void HAL_CAN_MspInit(CAN_HandleTypeDef* hcan)
  96:Src/stm32f1xx_hal_msp.c **** {
 139              		.loc 1 96 0
 140              		.cfi_startproc
 141              		@ args = 0, pretend = 0, frame = 24
 142              		@ frame_needed = 0, uses_anonymous_args = 0
 143              	.LVL11:
  97:Src/stm32f1xx_hal_msp.c **** 
  98:Src/stm32f1xx_hal_msp.c ****   GPIO_InitTypeDef GPIO_InitStruct;
  99:Src/stm32f1xx_hal_msp.c ****   if(hcan->Instance==CAN1)
 144              		.loc 1 99 0
 145 0000 0268     		ldr	r2, [r0]
 146 0002 1D4B     		ldr	r3, .L9
 147 0004 9A42     		cmp	r2, r3
 148 0006 35D1     		bne	.L8
  96:Src/stm32f1xx_hal_msp.c **** 
 149              		.loc 1 96 0
 150 0008 30B5     		push	{r4, r5, lr}
 151              	.LCFI3:
 152              		.cfi_def_cfa_offset 12
 153              		.cfi_offset 4, -12
 154              		.cfi_offset 5, -8
 155              		.cfi_offset 14, -4
 156 000a 87B0     		sub	sp, sp, #28
 157              	.LCFI4:
 158              		.cfi_def_cfa_offset 40
 159              	.LBB5:
 100:Src/stm32f1xx_hal_msp.c ****   {
 101:Src/stm32f1xx_hal_msp.c ****   /* USER CODE BEGIN CAN1_MspInit 0 */
 102:Src/stm32f1xx_hal_msp.c **** 
 103:Src/stm32f1xx_hal_msp.c ****   /* USER CODE END CAN1_MspInit 0 */
 104:Src/stm32f1xx_hal_msp.c ****     /* Peripheral clock enable */
 105:Src/stm32f1xx_hal_msp.c ****     __HAL_RCC_CAN1_CLK_ENABLE();
 160              		.loc 1 105 0
 161 000c 03F5D633 		add	r3, r3, #109568
 162 0010 DA69     		ldr	r2, [r3, #28]
 163 0012 42F00072 		orr	r2, r2, #33554432
 164 0016 DA61     		str	r2, [r3, #28]
 165 0018 DB69     		ldr	r3, [r3, #28]
 166 001a 03F00073 		and	r3, r3, #33554432
 167 001e 0193     		str	r3, [sp, #4]
 168 0020 019B     		ldr	r3, [sp, #4]
 169              	.LBE5:
 106:Src/stm32f1xx_hal_msp.c ****   
 107:Src/stm32f1xx_hal_msp.c ****     /**CAN GPIO Configuration    
 108:Src/stm32f1xx_hal_msp.c ****     PB8     ------> CAN_RX
 109:Src/stm32f1xx_hal_msp.c ****     PB9     ------> CAN_TX 
 110:Src/stm32f1xx_hal_msp.c ****     */
 111:Src/stm32f1xx_hal_msp.c ****     GPIO_InitStruct.Pin = GPIO_PIN_8;
 170              		.loc 1 111 0
 171 0022 4FF48073 		mov	r3, #256
 172 0026 0293     		str	r3, [sp, #8]
 112:Src/stm32f1xx_hal_msp.c ****     GPIO_InitStruct.Mode = GPIO_MODE_INPUT;
 173              		.loc 1 112 0
 174 0028 0024     		movs	r4, #0
 175 002a 0394     		str	r4, [sp, #12]
ARM GAS  /tmp/cczHybed.s 			page 6


 113:Src/stm32f1xx_hal_msp.c ****     GPIO_InitStruct.Pull = GPIO_NOPULL;
 176              		.loc 1 113 0
 177 002c 0494     		str	r4, [sp, #16]
 114:Src/stm32f1xx_hal_msp.c ****     HAL_GPIO_Init(GPIOB, &GPIO_InitStruct);
 178              		.loc 1 114 0
 179 002e 134D     		ldr	r5, .L9+4
 180 0030 02A9     		add	r1, sp, #8
 181 0032 2846     		mov	r0, r5
 182              	.LVL12:
 183 0034 FFF7FEFF 		bl	HAL_GPIO_Init
 184              	.LVL13:
 115:Src/stm32f1xx_hal_msp.c **** 
 116:Src/stm32f1xx_hal_msp.c ****     GPIO_InitStruct.Pin = GPIO_PIN_9;
 185              		.loc 1 116 0
 186 0038 4FF40073 		mov	r3, #512
 187 003c 0293     		str	r3, [sp, #8]
 117:Src/stm32f1xx_hal_msp.c ****     GPIO_InitStruct.Mode = GPIO_MODE_AF_PP;
 188              		.loc 1 117 0
 189 003e 0223     		movs	r3, #2
 190 0040 0393     		str	r3, [sp, #12]
 118:Src/stm32f1xx_hal_msp.c ****     GPIO_InitStruct.Speed = GPIO_SPEED_FREQ_HIGH;
 191              		.loc 1 118 0
 192 0042 0323     		movs	r3, #3
 193 0044 0593     		str	r3, [sp, #20]
 119:Src/stm32f1xx_hal_msp.c ****     HAL_GPIO_Init(GPIOB, &GPIO_InitStruct);
 194              		.loc 1 119 0
 195 0046 02A9     		add	r1, sp, #8
 196 0048 2846     		mov	r0, r5
 197 004a FFF7FEFF 		bl	HAL_GPIO_Init
 198              	.LVL14:
 199              	.LBB6:
 120:Src/stm32f1xx_hal_msp.c **** 
 121:Src/stm32f1xx_hal_msp.c ****     __HAL_AFIO_REMAP_CAN1_2();
 200              		.loc 1 121 0
 201 004e 0C4A     		ldr	r2, .L9+8
 202 0050 5368     		ldr	r3, [r2, #4]
 203              	.LVL15:
 204 0052 23F4C043 		bic	r3, r3, #24576
 205              	.LVL16:
 206 0056 43F0E063 		orr	r3, r3, #117440512
 207              	.LVL17:
 208 005a 43F48043 		orr	r3, r3, #16384
 209              	.LVL18:
 210 005e 5360     		str	r3, [r2, #4]
 211              	.LBE6:
 122:Src/stm32f1xx_hal_msp.c **** 
 123:Src/stm32f1xx_hal_msp.c ****     /* CAN1 interrupt Init */
 124:Src/stm32f1xx_hal_msp.c ****     HAL_NVIC_SetPriority(USB_LP_CAN1_RX0_IRQn, 5, 0);
 212              		.loc 1 124 0
 213 0060 2246     		mov	r2, r4
 214 0062 0521     		movs	r1, #5
 215 0064 1420     		movs	r0, #20
 216 0066 FFF7FEFF 		bl	HAL_NVIC_SetPriority
 217              	.LVL19:
 125:Src/stm32f1xx_hal_msp.c ****     HAL_NVIC_EnableIRQ(USB_LP_CAN1_RX0_IRQn);
 218              		.loc 1 125 0
 219 006a 1420     		movs	r0, #20
ARM GAS  /tmp/cczHybed.s 			page 7


 220 006c FFF7FEFF 		bl	HAL_NVIC_EnableIRQ
 221              	.LVL20:
 126:Src/stm32f1xx_hal_msp.c ****   /* USER CODE BEGIN CAN1_MspInit 1 */
 127:Src/stm32f1xx_hal_msp.c **** 
 128:Src/stm32f1xx_hal_msp.c ****   /* USER CODE END CAN1_MspInit 1 */
 129:Src/stm32f1xx_hal_msp.c ****   }
 130:Src/stm32f1xx_hal_msp.c **** 
 131:Src/stm32f1xx_hal_msp.c **** }
 222              		.loc 1 131 0
 223 0070 07B0     		add	sp, sp, #28
 224              	.LCFI5:
 225              		.cfi_def_cfa_offset 12
 226              		@ sp needed
 227 0072 30BD     		pop	{r4, r5, pc}
 228              	.LVL21:
 229              	.L8:
 230              	.LCFI6:
 231              		.cfi_def_cfa_offset 0
 232              		.cfi_restore 4
 233              		.cfi_restore 5
 234              		.cfi_restore 14
 235 0074 7047     		bx	lr
 236              	.L10:
 237 0076 00BF     		.align	2
 238              	.L9:
 239 0078 00640040 		.word	1073767424
 240 007c 000C0140 		.word	1073810432
 241 0080 00000140 		.word	1073807360
 242              		.cfi_endproc
 243              	.LFE65:
 245              		.section	.text.HAL_CAN_MspDeInit,"ax",%progbits
 246              		.align	2
 247              		.global	HAL_CAN_MspDeInit
 248              		.thumb
 249              		.thumb_func
 251              	HAL_CAN_MspDeInit:
 252              	.LFB66:
 132:Src/stm32f1xx_hal_msp.c **** 
 133:Src/stm32f1xx_hal_msp.c **** void HAL_CAN_MspDeInit(CAN_HandleTypeDef* hcan)
 134:Src/stm32f1xx_hal_msp.c **** {
 253              		.loc 1 134 0
 254              		.cfi_startproc
 255              		@ args = 0, pretend = 0, frame = 0
 256              		@ frame_needed = 0, uses_anonymous_args = 0
 257              	.LVL22:
 258 0000 08B5     		push	{r3, lr}
 259              	.LCFI7:
 260              		.cfi_def_cfa_offset 8
 261              		.cfi_offset 3, -8
 262              		.cfi_offset 14, -4
 135:Src/stm32f1xx_hal_msp.c **** 
 136:Src/stm32f1xx_hal_msp.c ****   if(hcan->Instance==CAN1)
 263              		.loc 1 136 0
 264 0002 0268     		ldr	r2, [r0]
 265 0004 084B     		ldr	r3, .L14
 266 0006 9A42     		cmp	r2, r3
 267 0008 0CD1     		bne	.L11
ARM GAS  /tmp/cczHybed.s 			page 8


 137:Src/stm32f1xx_hal_msp.c ****   {
 138:Src/stm32f1xx_hal_msp.c ****   /* USER CODE BEGIN CAN1_MspDeInit 0 */
 139:Src/stm32f1xx_hal_msp.c **** 
 140:Src/stm32f1xx_hal_msp.c ****   /* USER CODE END CAN1_MspDeInit 0 */
 141:Src/stm32f1xx_hal_msp.c ****     /* Peripheral clock disable */
 142:Src/stm32f1xx_hal_msp.c ****     __HAL_RCC_CAN1_CLK_DISABLE();
 268              		.loc 1 142 0
 269 000a 084A     		ldr	r2, .L14+4
 270 000c D369     		ldr	r3, [r2, #28]
 271 000e 23F00073 		bic	r3, r3, #33554432
 272 0012 D361     		str	r3, [r2, #28]
 143:Src/stm32f1xx_hal_msp.c ****   
 144:Src/stm32f1xx_hal_msp.c ****     /**CAN GPIO Configuration    
 145:Src/stm32f1xx_hal_msp.c ****     PB8     ------> CAN_RX
 146:Src/stm32f1xx_hal_msp.c ****     PB9     ------> CAN_TX 
 147:Src/stm32f1xx_hal_msp.c ****     */
 148:Src/stm32f1xx_hal_msp.c ****     HAL_GPIO_DeInit(GPIOB, GPIO_PIN_8|GPIO_PIN_9);
 273              		.loc 1 148 0
 274 0014 4FF44071 		mov	r1, #768
 275 0018 0548     		ldr	r0, .L14+8
 276              	.LVL23:
 277 001a FFF7FEFF 		bl	HAL_GPIO_DeInit
 278              	.LVL24:
 149:Src/stm32f1xx_hal_msp.c **** 
 150:Src/stm32f1xx_hal_msp.c ****     /* CAN1 interrupt DeInit */
 151:Src/stm32f1xx_hal_msp.c ****     HAL_NVIC_DisableIRQ(USB_LP_CAN1_RX0_IRQn);
 279              		.loc 1 151 0
 280 001e 1420     		movs	r0, #20
 281 0020 FFF7FEFF 		bl	HAL_NVIC_DisableIRQ
 282              	.LVL25:
 283              	.L11:
 284 0024 08BD     		pop	{r3, pc}
 285              	.L15:
 286 0026 00BF     		.align	2
 287              	.L14:
 288 0028 00640040 		.word	1073767424
 289 002c 00100240 		.word	1073876992
 290 0030 000C0140 		.word	1073810432
 291              		.cfi_endproc
 292              	.LFE66:
 294              		.section	.text.HAL_UART_MspInit,"ax",%progbits
 295              		.align	2
 296              		.global	HAL_UART_MspInit
 297              		.thumb
 298              		.thumb_func
 300              	HAL_UART_MspInit:
 301              	.LFB67:
 152:Src/stm32f1xx_hal_msp.c ****   /* USER CODE BEGIN CAN1_MspDeInit 1 */
 153:Src/stm32f1xx_hal_msp.c **** 
 154:Src/stm32f1xx_hal_msp.c ****   /* USER CODE END CAN1_MspDeInit 1 */
 155:Src/stm32f1xx_hal_msp.c ****   }
 156:Src/stm32f1xx_hal_msp.c **** 
 157:Src/stm32f1xx_hal_msp.c **** }
 158:Src/stm32f1xx_hal_msp.c **** 
 159:Src/stm32f1xx_hal_msp.c **** void HAL_UART_MspInit(UART_HandleTypeDef* huart)
 160:Src/stm32f1xx_hal_msp.c **** {
 302              		.loc 1 160 0
ARM GAS  /tmp/cczHybed.s 			page 9


 303              		.cfi_startproc
 304              		@ args = 0, pretend = 0, frame = 32
 305              		@ frame_needed = 0, uses_anonymous_args = 0
 306              	.LVL26:
 307 0000 10B5     		push	{r4, lr}
 308              	.LCFI8:
 309              		.cfi_def_cfa_offset 8
 310              		.cfi_offset 4, -8
 311              		.cfi_offset 14, -4
 312 0002 88B0     		sub	sp, sp, #32
 313              	.LCFI9:
 314              		.cfi_def_cfa_offset 40
 161:Src/stm32f1xx_hal_msp.c **** 
 162:Src/stm32f1xx_hal_msp.c ****   GPIO_InitTypeDef GPIO_InitStruct;
 163:Src/stm32f1xx_hal_msp.c ****   if(huart->Instance==USART1)
 315              		.loc 1 163 0
 316 0004 0368     		ldr	r3, [r0]
 317 0006 354A     		ldr	r2, .L21
 318 0008 9342     		cmp	r3, r2
 319 000a 20D1     		bne	.L17
 320              	.LBB7:
 164:Src/stm32f1xx_hal_msp.c ****   {
 165:Src/stm32f1xx_hal_msp.c ****   /* USER CODE BEGIN USART1_MspInit 0 */
 166:Src/stm32f1xx_hal_msp.c **** 
 167:Src/stm32f1xx_hal_msp.c ****   /* USER CODE END USART1_MspInit 0 */
 168:Src/stm32f1xx_hal_msp.c ****     /* Peripheral clock enable */
 169:Src/stm32f1xx_hal_msp.c ****     __HAL_RCC_USART1_CLK_ENABLE();
 321              		.loc 1 169 0
 322 000c 344B     		ldr	r3, .L21+4
 323 000e 9A69     		ldr	r2, [r3, #24]
 324 0010 42F48042 		orr	r2, r2, #16384
 325 0014 9A61     		str	r2, [r3, #24]
 326 0016 9B69     		ldr	r3, [r3, #24]
 327 0018 03F48043 		and	r3, r3, #16384
 328 001c 0193     		str	r3, [sp, #4]
 329 001e 019B     		ldr	r3, [sp, #4]
 330              	.LBE7:
 170:Src/stm32f1xx_hal_msp.c ****   
 171:Src/stm32f1xx_hal_msp.c ****     /**USART1 GPIO Configuration    
 172:Src/stm32f1xx_hal_msp.c ****     PA9     ------> USART1_TX
 173:Src/stm32f1xx_hal_msp.c ****     PA10     ------> USART1_RX 
 174:Src/stm32f1xx_hal_msp.c ****     */
 175:Src/stm32f1xx_hal_msp.c ****     GPIO_InitStruct.Pin = GPIO_PIN_9;
 331              		.loc 1 175 0
 332 0020 4FF40073 		mov	r3, #512
 333 0024 0493     		str	r3, [sp, #16]
 176:Src/stm32f1xx_hal_msp.c ****     GPIO_InitStruct.Mode = GPIO_MODE_AF_PP;
 334              		.loc 1 176 0
 335 0026 0223     		movs	r3, #2
 336 0028 0593     		str	r3, [sp, #20]
 177:Src/stm32f1xx_hal_msp.c ****     GPIO_InitStruct.Speed = GPIO_SPEED_FREQ_HIGH;
 337              		.loc 1 177 0
 338 002a 0323     		movs	r3, #3
 339 002c 0793     		str	r3, [sp, #28]
 178:Src/stm32f1xx_hal_msp.c ****     HAL_GPIO_Init(GPIOA, &GPIO_InitStruct);
 340              		.loc 1 178 0
 341 002e 2D4C     		ldr	r4, .L21+8
ARM GAS  /tmp/cczHybed.s 			page 10


 342 0030 04A9     		add	r1, sp, #16
 343 0032 2046     		mov	r0, r4
 344              	.LVL27:
 345 0034 FFF7FEFF 		bl	HAL_GPIO_Init
 346              	.LVL28:
 179:Src/stm32f1xx_hal_msp.c **** 
 180:Src/stm32f1xx_hal_msp.c ****     GPIO_InitStruct.Pin = GPIO_PIN_10;
 347              		.loc 1 180 0
 348 0038 4FF48063 		mov	r3, #1024
 349 003c 0493     		str	r3, [sp, #16]
 181:Src/stm32f1xx_hal_msp.c ****     GPIO_InitStruct.Mode = GPIO_MODE_INPUT;
 350              		.loc 1 181 0
 351 003e 0023     		movs	r3, #0
 352 0040 0593     		str	r3, [sp, #20]
 182:Src/stm32f1xx_hal_msp.c ****     GPIO_InitStruct.Pull = GPIO_NOPULL;
 353              		.loc 1 182 0
 354 0042 0693     		str	r3, [sp, #24]
 183:Src/stm32f1xx_hal_msp.c ****     HAL_GPIO_Init(GPIOA, &GPIO_InitStruct);
 355              		.loc 1 183 0
 356 0044 04A9     		add	r1, sp, #16
 357 0046 2046     		mov	r0, r4
 358 0048 FFF7FEFF 		bl	HAL_GPIO_Init
 359              	.LVL29:
 360 004c 44E0     		b	.L16
 361              	.LVL30:
 362              	.L17:
 184:Src/stm32f1xx_hal_msp.c **** 
 185:Src/stm32f1xx_hal_msp.c ****   /* USER CODE BEGIN USART1_MspInit 1 */
 186:Src/stm32f1xx_hal_msp.c **** 
 187:Src/stm32f1xx_hal_msp.c ****   /* USER CODE END USART1_MspInit 1 */
 188:Src/stm32f1xx_hal_msp.c ****   }
 189:Src/stm32f1xx_hal_msp.c ****   else if(huart->Instance==USART2)
 363              		.loc 1 189 0
 364 004e 264A     		ldr	r2, .L21+12
 365 0050 9342     		cmp	r3, r2
 366 0052 1ED1     		bne	.L19
 367              	.LBB8:
 190:Src/stm32f1xx_hal_msp.c ****   {
 191:Src/stm32f1xx_hal_msp.c ****   /* USER CODE BEGIN USART2_MspInit 0 */
 192:Src/stm32f1xx_hal_msp.c **** 
 193:Src/stm32f1xx_hal_msp.c ****   /* USER CODE END USART2_MspInit 0 */
 194:Src/stm32f1xx_hal_msp.c ****     /* Peripheral clock enable */
 195:Src/stm32f1xx_hal_msp.c ****     __HAL_RCC_USART2_CLK_ENABLE();
 368              		.loc 1 195 0
 369 0054 224B     		ldr	r3, .L21+4
 370 0056 DA69     		ldr	r2, [r3, #28]
 371 0058 42F40032 		orr	r2, r2, #131072
 372 005c DA61     		str	r2, [r3, #28]
 373 005e DB69     		ldr	r3, [r3, #28]
 374 0060 03F40033 		and	r3, r3, #131072
 375 0064 0293     		str	r3, [sp, #8]
 376 0066 029B     		ldr	r3, [sp, #8]
 377              	.LBE8:
 196:Src/stm32f1xx_hal_msp.c ****   
 197:Src/stm32f1xx_hal_msp.c ****     /**USART2 GPIO Configuration    
 198:Src/stm32f1xx_hal_msp.c ****     PA2     ------> USART2_TX
 199:Src/stm32f1xx_hal_msp.c ****     PA3     ------> USART2_RX 
ARM GAS  /tmp/cczHybed.s 			page 11


 200:Src/stm32f1xx_hal_msp.c ****     */
 201:Src/stm32f1xx_hal_msp.c ****     GPIO_InitStruct.Pin = GPIO_PIN_2;
 378              		.loc 1 201 0
 379 0068 0423     		movs	r3, #4
 380 006a 0493     		str	r3, [sp, #16]
 202:Src/stm32f1xx_hal_msp.c ****     GPIO_InitStruct.Mode = GPIO_MODE_AF_PP;
 381              		.loc 1 202 0
 382 006c 0223     		movs	r3, #2
 383 006e 0593     		str	r3, [sp, #20]
 203:Src/stm32f1xx_hal_msp.c ****     GPIO_InitStruct.Speed = GPIO_SPEED_FREQ_HIGH;
 384              		.loc 1 203 0
 385 0070 0323     		movs	r3, #3
 386 0072 0793     		str	r3, [sp, #28]
 204:Src/stm32f1xx_hal_msp.c ****     HAL_GPIO_Init(GPIOA, &GPIO_InitStruct);
 387              		.loc 1 204 0
 388 0074 1B4C     		ldr	r4, .L21+8
 389 0076 04A9     		add	r1, sp, #16
 390 0078 2046     		mov	r0, r4
 391              	.LVL31:
 392 007a FFF7FEFF 		bl	HAL_GPIO_Init
 393              	.LVL32:
 205:Src/stm32f1xx_hal_msp.c **** 
 206:Src/stm32f1xx_hal_msp.c ****     GPIO_InitStruct.Pin = GPIO_PIN_3;
 394              		.loc 1 206 0
 395 007e 0823     		movs	r3, #8
 396 0080 0493     		str	r3, [sp, #16]
 207:Src/stm32f1xx_hal_msp.c ****     GPIO_InitStruct.Mode = GPIO_MODE_INPUT;
 397              		.loc 1 207 0
 398 0082 0023     		movs	r3, #0
 399 0084 0593     		str	r3, [sp, #20]
 208:Src/stm32f1xx_hal_msp.c ****     GPIO_InitStruct.Pull = GPIO_NOPULL;
 400              		.loc 1 208 0
 401 0086 0693     		str	r3, [sp, #24]
 209:Src/stm32f1xx_hal_msp.c ****     HAL_GPIO_Init(GPIOA, &GPIO_InitStruct);
 402              		.loc 1 209 0
 403 0088 04A9     		add	r1, sp, #16
 404 008a 2046     		mov	r0, r4
 405 008c FFF7FEFF 		bl	HAL_GPIO_Init
 406              	.LVL33:
 407 0090 22E0     		b	.L16
 408              	.LVL34:
 409              	.L19:
 210:Src/stm32f1xx_hal_msp.c **** 
 211:Src/stm32f1xx_hal_msp.c ****   /* USER CODE BEGIN USART2_MspInit 1 */
 212:Src/stm32f1xx_hal_msp.c **** 
 213:Src/stm32f1xx_hal_msp.c ****   /* USER CODE END USART2_MspInit 1 */
 214:Src/stm32f1xx_hal_msp.c ****   }
 215:Src/stm32f1xx_hal_msp.c ****   else if(huart->Instance==USART3)
 410              		.loc 1 215 0
 411 0092 164A     		ldr	r2, .L21+16
 412 0094 9342     		cmp	r3, r2
 413 0096 1FD1     		bne	.L16
 414              	.LBB9:
 216:Src/stm32f1xx_hal_msp.c ****   {
 217:Src/stm32f1xx_hal_msp.c ****   /* USER CODE BEGIN USART3_MspInit 0 */
 218:Src/stm32f1xx_hal_msp.c **** 
 219:Src/stm32f1xx_hal_msp.c ****   /* USER CODE END USART3_MspInit 0 */
ARM GAS  /tmp/cczHybed.s 			page 12


 220:Src/stm32f1xx_hal_msp.c ****     /* Peripheral clock enable */
 221:Src/stm32f1xx_hal_msp.c ****     __HAL_RCC_USART3_CLK_ENABLE();
 415              		.loc 1 221 0
 416 0098 114B     		ldr	r3, .L21+4
 417 009a DA69     		ldr	r2, [r3, #28]
 418 009c 42F48022 		orr	r2, r2, #262144
 419 00a0 DA61     		str	r2, [r3, #28]
 420 00a2 DB69     		ldr	r3, [r3, #28]
 421 00a4 03F48023 		and	r3, r3, #262144
 422 00a8 0393     		str	r3, [sp, #12]
 423 00aa 039B     		ldr	r3, [sp, #12]
 424              	.LBE9:
 222:Src/stm32f1xx_hal_msp.c ****   
 223:Src/stm32f1xx_hal_msp.c ****     /**USART3 GPIO Configuration    
 224:Src/stm32f1xx_hal_msp.c ****     PB10     ------> USART3_TX
 225:Src/stm32f1xx_hal_msp.c ****     PB11     ------> USART3_RX 
 226:Src/stm32f1xx_hal_msp.c ****     */
 227:Src/stm32f1xx_hal_msp.c ****     GPIO_InitStruct.Pin = GPIO_PIN_10;
 425              		.loc 1 227 0
 426 00ac 4FF48063 		mov	r3, #1024
 427 00b0 0493     		str	r3, [sp, #16]
 228:Src/stm32f1xx_hal_msp.c ****     GPIO_InitStruct.Mode = GPIO_MODE_AF_PP;
 428              		.loc 1 228 0
 429 00b2 0223     		movs	r3, #2
 430 00b4 0593     		str	r3, [sp, #20]
 229:Src/stm32f1xx_hal_msp.c ****     GPIO_InitStruct.Speed = GPIO_SPEED_FREQ_HIGH;
 431              		.loc 1 229 0
 432 00b6 0323     		movs	r3, #3
 433 00b8 0793     		str	r3, [sp, #28]
 230:Src/stm32f1xx_hal_msp.c ****     HAL_GPIO_Init(GPIOB, &GPIO_InitStruct);
 434              		.loc 1 230 0
 435 00ba 0D4C     		ldr	r4, .L21+20
 436 00bc 04A9     		add	r1, sp, #16
 437 00be 2046     		mov	r0, r4
 438              	.LVL35:
 439 00c0 FFF7FEFF 		bl	HAL_GPIO_Init
 440              	.LVL36:
 231:Src/stm32f1xx_hal_msp.c **** 
 232:Src/stm32f1xx_hal_msp.c ****     GPIO_InitStruct.Pin = GPIO_PIN_11;
 441              		.loc 1 232 0
 442 00c4 4FF40063 		mov	r3, #2048
 443 00c8 0493     		str	r3, [sp, #16]
 233:Src/stm32f1xx_hal_msp.c ****     GPIO_InitStruct.Mode = GPIO_MODE_INPUT;
 444              		.loc 1 233 0
 445 00ca 0023     		movs	r3, #0
 446 00cc 0593     		str	r3, [sp, #20]
 234:Src/stm32f1xx_hal_msp.c ****     GPIO_InitStruct.Pull = GPIO_NOPULL;
 447              		.loc 1 234 0
 448 00ce 0693     		str	r3, [sp, #24]
 235:Src/stm32f1xx_hal_msp.c ****     HAL_GPIO_Init(GPIOB, &GPIO_InitStruct);
 449              		.loc 1 235 0
 450 00d0 04A9     		add	r1, sp, #16
 451 00d2 2046     		mov	r0, r4
 452 00d4 FFF7FEFF 		bl	HAL_GPIO_Init
 453              	.LVL37:
 454              	.L16:
 236:Src/stm32f1xx_hal_msp.c **** 
ARM GAS  /tmp/cczHybed.s 			page 13


 237:Src/stm32f1xx_hal_msp.c ****   /* USER CODE BEGIN USART3_MspInit 1 */
 238:Src/stm32f1xx_hal_msp.c **** 
 239:Src/stm32f1xx_hal_msp.c ****   /* USER CODE END USART3_MspInit 1 */
 240:Src/stm32f1xx_hal_msp.c ****   }
 241:Src/stm32f1xx_hal_msp.c **** 
 242:Src/stm32f1xx_hal_msp.c **** }
 455              		.loc 1 242 0
 456 00d8 08B0     		add	sp, sp, #32
 457              	.LCFI10:
 458              		.cfi_def_cfa_offset 8
 459              		@ sp needed
 460 00da 10BD     		pop	{r4, pc}
 461              	.L22:
 462              		.align	2
 463              	.L21:
 464 00dc 00380140 		.word	1073821696
 465 00e0 00100240 		.word	1073876992
 466 00e4 00080140 		.word	1073809408
 467 00e8 00440040 		.word	1073759232
 468 00ec 00480040 		.word	1073760256
 469 00f0 000C0140 		.word	1073810432
 470              		.cfi_endproc
 471              	.LFE67:
 473              		.section	.text.HAL_UART_MspDeInit,"ax",%progbits
 474              		.align	2
 475              		.global	HAL_UART_MspDeInit
 476              		.thumb
 477              		.thumb_func
 479              	HAL_UART_MspDeInit:
 480              	.LFB68:
 243:Src/stm32f1xx_hal_msp.c **** 
 244:Src/stm32f1xx_hal_msp.c **** void HAL_UART_MspDeInit(UART_HandleTypeDef* huart)
 245:Src/stm32f1xx_hal_msp.c **** {
 481              		.loc 1 245 0
 482              		.cfi_startproc
 483              		@ args = 0, pretend = 0, frame = 0
 484              		@ frame_needed = 0, uses_anonymous_args = 0
 485              	.LVL38:
 486 0000 08B5     		push	{r3, lr}
 487              	.LCFI11:
 488              		.cfi_def_cfa_offset 8
 489              		.cfi_offset 3, -8
 490              		.cfi_offset 14, -4
 246:Src/stm32f1xx_hal_msp.c **** 
 247:Src/stm32f1xx_hal_msp.c ****   if(huart->Instance==USART1)
 491              		.loc 1 247 0
 492 0002 0368     		ldr	r3, [r0]
 493 0004 1A4A     		ldr	r2, .L28
 494 0006 9342     		cmp	r3, r2
 495 0008 0ED1     		bne	.L24
 248:Src/stm32f1xx_hal_msp.c ****   {
 249:Src/stm32f1xx_hal_msp.c ****   /* USER CODE BEGIN USART1_MspDeInit 0 */
 250:Src/stm32f1xx_hal_msp.c **** 
 251:Src/stm32f1xx_hal_msp.c ****   /* USER CODE END USART1_MspDeInit 0 */
 252:Src/stm32f1xx_hal_msp.c ****     /* Peripheral clock disable */
 253:Src/stm32f1xx_hal_msp.c ****     __HAL_RCC_USART1_CLK_DISABLE();
 496              		.loc 1 253 0
ARM GAS  /tmp/cczHybed.s 			page 14


 497 000a 02F55842 		add	r2, r2, #55296
 498 000e 9369     		ldr	r3, [r2, #24]
 499 0010 23F48043 		bic	r3, r3, #16384
 500 0014 9361     		str	r3, [r2, #24]
 254:Src/stm32f1xx_hal_msp.c ****   
 255:Src/stm32f1xx_hal_msp.c ****     /**USART1 GPIO Configuration    
 256:Src/stm32f1xx_hal_msp.c ****     PA9     ------> USART1_TX
 257:Src/stm32f1xx_hal_msp.c ****     PA10     ------> USART1_RX 
 258:Src/stm32f1xx_hal_msp.c ****     */
 259:Src/stm32f1xx_hal_msp.c ****     HAL_GPIO_DeInit(GPIOA, GPIO_PIN_9|GPIO_PIN_10);
 501              		.loc 1 259 0
 502 0016 4FF4C061 		mov	r1, #1536
 503 001a 1648     		ldr	r0, .L28+4
 504              	.LVL39:
 505 001c FFF7FEFF 		bl	HAL_GPIO_DeInit
 506              	.LVL40:
 260:Src/stm32f1xx_hal_msp.c **** 
 261:Src/stm32f1xx_hal_msp.c ****     /* USART1 interrupt DeInit */
 262:Src/stm32f1xx_hal_msp.c ****     HAL_NVIC_DisableIRQ(USART1_IRQn);
 507              		.loc 1 262 0
 508 0020 2520     		movs	r0, #37
 509 0022 FFF7FEFF 		bl	HAL_NVIC_DisableIRQ
 510              	.LVL41:
 511 0026 08BD     		pop	{r3, pc}
 512              	.LVL42:
 513              	.L24:
 263:Src/stm32f1xx_hal_msp.c ****   /* USER CODE BEGIN USART1_MspDeInit 1 */
 264:Src/stm32f1xx_hal_msp.c **** 
 265:Src/stm32f1xx_hal_msp.c ****   /* USER CODE END USART1_MspDeInit 1 */
 266:Src/stm32f1xx_hal_msp.c ****   }
 267:Src/stm32f1xx_hal_msp.c ****   else if(huart->Instance==USART2)
 514              		.loc 1 267 0
 515 0028 134A     		ldr	r2, .L28+8
 516 002a 9342     		cmp	r3, r2
 517 002c 0DD1     		bne	.L26
 268:Src/stm32f1xx_hal_msp.c ****   {
 269:Src/stm32f1xx_hal_msp.c ****   /* USER CODE BEGIN USART2_MspDeInit 0 */
 270:Src/stm32f1xx_hal_msp.c **** 
 271:Src/stm32f1xx_hal_msp.c ****   /* USER CODE END USART2_MspDeInit 0 */
 272:Src/stm32f1xx_hal_msp.c ****     /* Peripheral clock disable */
 273:Src/stm32f1xx_hal_msp.c ****     __HAL_RCC_USART2_CLK_DISABLE();
 518              		.loc 1 273 0
 519 002e 02F5E632 		add	r2, r2, #117760
 520 0032 D369     		ldr	r3, [r2, #28]
 521 0034 23F40033 		bic	r3, r3, #131072
 522 0038 D361     		str	r3, [r2, #28]
 274:Src/stm32f1xx_hal_msp.c ****   
 275:Src/stm32f1xx_hal_msp.c ****     /**USART2 GPIO Configuration    
 276:Src/stm32f1xx_hal_msp.c ****     PA2     ------> USART2_TX
 277:Src/stm32f1xx_hal_msp.c ****     PA3     ------> USART2_RX 
 278:Src/stm32f1xx_hal_msp.c ****     */
 279:Src/stm32f1xx_hal_msp.c ****     HAL_GPIO_DeInit(GPIOA, GPIO_PIN_2|GPIO_PIN_3);
 523              		.loc 1 279 0
 524 003a 0C21     		movs	r1, #12
 525 003c 0D48     		ldr	r0, .L28+4
 526              	.LVL43:
 527 003e FFF7FEFF 		bl	HAL_GPIO_DeInit
ARM GAS  /tmp/cczHybed.s 			page 15


 528              	.LVL44:
 280:Src/stm32f1xx_hal_msp.c **** 
 281:Src/stm32f1xx_hal_msp.c ****     /* USART2 interrupt DeInit */
 282:Src/stm32f1xx_hal_msp.c ****     HAL_NVIC_DisableIRQ(USART2_IRQn);
 529              		.loc 1 282 0
 530 0042 2620     		movs	r0, #38
 531 0044 FFF7FEFF 		bl	HAL_NVIC_DisableIRQ
 532              	.LVL45:
 533 0048 08BD     		pop	{r3, pc}
 534              	.LVL46:
 535              	.L26:
 283:Src/stm32f1xx_hal_msp.c ****   /* USER CODE BEGIN USART2_MspDeInit 1 */
 284:Src/stm32f1xx_hal_msp.c **** 
 285:Src/stm32f1xx_hal_msp.c ****   /* USER CODE END USART2_MspDeInit 1 */
 286:Src/stm32f1xx_hal_msp.c ****   }
 287:Src/stm32f1xx_hal_msp.c ****   else if(huart->Instance==USART3)
 536              		.loc 1 287 0
 537 004a 0C4A     		ldr	r2, .L28+12
 538 004c 9342     		cmp	r3, r2
 539 004e 0DD1     		bne	.L23
 288:Src/stm32f1xx_hal_msp.c ****   {
 289:Src/stm32f1xx_hal_msp.c ****   /* USER CODE BEGIN USART3_MspDeInit 0 */
 290:Src/stm32f1xx_hal_msp.c **** 
 291:Src/stm32f1xx_hal_msp.c ****   /* USER CODE END USART3_MspDeInit 0 */
 292:Src/stm32f1xx_hal_msp.c ****     /* Peripheral clock disable */
 293:Src/stm32f1xx_hal_msp.c ****     __HAL_RCC_USART3_CLK_DISABLE();
 540              		.loc 1 293 0
 541 0050 02F5E432 		add	r2, r2, #116736
 542 0054 D369     		ldr	r3, [r2, #28]
 543 0056 23F48023 		bic	r3, r3, #262144
 544 005a D361     		str	r3, [r2, #28]
 294:Src/stm32f1xx_hal_msp.c ****   
 295:Src/stm32f1xx_hal_msp.c ****     /**USART3 GPIO Configuration    
 296:Src/stm32f1xx_hal_msp.c ****     PB10     ------> USART3_TX
 297:Src/stm32f1xx_hal_msp.c ****     PB11     ------> USART3_RX 
 298:Src/stm32f1xx_hal_msp.c ****     */
 299:Src/stm32f1xx_hal_msp.c ****     HAL_GPIO_DeInit(GPIOB, GPIO_PIN_10|GPIO_PIN_11);
 545              		.loc 1 299 0
 546 005c 4FF44061 		mov	r1, #3072
 547 0060 0748     		ldr	r0, .L28+16
 548              	.LVL47:
 549 0062 FFF7FEFF 		bl	HAL_GPIO_DeInit
 550              	.LVL48:
 300:Src/stm32f1xx_hal_msp.c **** 
 301:Src/stm32f1xx_hal_msp.c ****     /* USART3 interrupt DeInit */
 302:Src/stm32f1xx_hal_msp.c ****     HAL_NVIC_DisableIRQ(USART3_IRQn);
 551              		.loc 1 302 0
 552 0066 2720     		movs	r0, #39
 553 0068 FFF7FEFF 		bl	HAL_NVIC_DisableIRQ
 554              	.LVL49:
 555              	.L23:
 556 006c 08BD     		pop	{r3, pc}
 557              	.L29:
 558 006e 00BF     		.align	2
 559              	.L28:
 560 0070 00380140 		.word	1073821696
 561 0074 00080140 		.word	1073809408
ARM GAS  /tmp/cczHybed.s 			page 16


 562 0078 00440040 		.word	1073759232
 563 007c 00480040 		.word	1073760256
 564 0080 000C0140 		.word	1073810432
 565              		.cfi_endproc
 566              	.LFE68:
 568              		.text
 569              	.Letext0:
 570              		.file 2 "/home/user/Library/gcc-arm-none-eabi-5_4-2016q3/arm-none-eabi/include/machine/_default_ty
 571              		.file 3 "/home/user/Library/gcc-arm-none-eabi-5_4-2016q3/arm-none-eabi/include/sys/_stdint.h"
 572              		.file 4 "Drivers/CMSIS/Device/ST/STM32F1xx/Include/stm32f103xe.h"
 573              		.file 5 "Drivers/STM32F1xx_HAL_Driver/Inc/stm32f1xx_hal_def.h"
 574              		.file 6 "Drivers/STM32F1xx_HAL_Driver/Inc/stm32f1xx_hal_gpio.h"
 575              		.file 7 "Drivers/STM32F1xx_HAL_Driver/Inc/stm32f1xx_hal_dma.h"
 576              		.file 8 "Drivers/STM32F1xx_HAL_Driver/Inc/stm32f1xx_hal_can.h"
 577              		.file 9 "Drivers/STM32F1xx_HAL_Driver/Inc/stm32f1xx_hal_uart.h"
 578              		.file 10 "Drivers/STM32F1xx_HAL_Driver/Inc/stm32f1xx_hal_cortex.h"
 579              		.file 11 "Drivers/CMSIS/Include/core_cm3.h"
ARM GAS  /tmp/cczHybed.s 			page 17


DEFINED SYMBOLS
                            *ABS*:00000000 stm32f1xx_hal_msp.c
     /tmp/cczHybed.s:20     .text.HAL_MspInit:00000000 $t
     /tmp/cczHybed.s:25     .text.HAL_MspInit:00000000 HAL_MspInit
     /tmp/cczHybed.s:126    .text.HAL_MspInit:00000098 $d
     /tmp/cczHybed.s:132    .text.HAL_CAN_MspInit:00000000 $t
     /tmp/cczHybed.s:137    .text.HAL_CAN_MspInit:00000000 HAL_CAN_MspInit
     /tmp/cczHybed.s:239    .text.HAL_CAN_MspInit:00000078 $d
     /tmp/cczHybed.s:246    .text.HAL_CAN_MspDeInit:00000000 $t
     /tmp/cczHybed.s:251    .text.HAL_CAN_MspDeInit:00000000 HAL_CAN_MspDeInit
     /tmp/cczHybed.s:288    .text.HAL_CAN_MspDeInit:00000028 $d
     /tmp/cczHybed.s:295    .text.HAL_UART_MspInit:00000000 $t
     /tmp/cczHybed.s:300    .text.HAL_UART_MspInit:00000000 HAL_UART_MspInit
     /tmp/cczHybed.s:464    .text.HAL_UART_MspInit:000000dc $d
     /tmp/cczHybed.s:474    .text.HAL_UART_MspDeInit:00000000 $t
     /tmp/cczHybed.s:479    .text.HAL_UART_MspDeInit:00000000 HAL_UART_MspDeInit
     /tmp/cczHybed.s:560    .text.HAL_UART_MspDeInit:00000070 $d
                     .debug_frame:00000010 $d

UNDEFINED SYMBOLS
HAL_NVIC_SetPriorityGrouping
HAL_NVIC_SetPriority
HAL_GPIO_Init
HAL_NVIC_EnableIRQ
HAL_GPIO_DeInit
HAL_NVIC_DisableIRQ
