ARM GAS  /tmp/ccAza7mW.s 			page 1


   1              		.syntax unified
   2              		.cpu cortex-m3
   3              		.fpu softvfp
   4              		.eabi_attribute 20, 1
   5              		.eabi_attribute 21, 1
   6              		.eabi_attribute 23, 3
   7              		.eabi_attribute 24, 1
   8              		.eabi_attribute 25, 1
   9              		.eabi_attribute 26, 1
  10              		.eabi_attribute 30, 1
  11              		.eabi_attribute 34, 1
  12              		.eabi_attribute 18, 4
  13              		.thumb
  14              		.syntax unified
  15              		.file	"stm32f1xx_hal_msp.c"
  16              		.text
  17              	.Ltext0:
  18              		.cfi_sections	.debug_frame
  19              		.section	.text.HAL_MspInit,"ax",%progbits
  20              		.align	2
  21              		.global	HAL_MspInit
  22              		.thumb
  23              		.thumb_func
  25              	HAL_MspInit:
  26              	.LFB64:
  27              		.file 1 "Src/stm32f1xx_hal_msp.c"
   1:Src/stm32f1xx_hal_msp.c **** /**
   2:Src/stm32f1xx_hal_msp.c ****   ******************************************************************************
   3:Src/stm32f1xx_hal_msp.c ****   * File Name          : stm32f1xx_hal_msp.c
   4:Src/stm32f1xx_hal_msp.c ****   * Description        : This file provides code for the MSP Initialization 
   5:Src/stm32f1xx_hal_msp.c ****   *                      and de-Initialization codes.
   6:Src/stm32f1xx_hal_msp.c ****   ******************************************************************************
   7:Src/stm32f1xx_hal_msp.c ****   * This notice applies to any and all portions of this file
   8:Src/stm32f1xx_hal_msp.c ****   * that are not between comment pairs USER CODE BEGIN and
   9:Src/stm32f1xx_hal_msp.c ****   * USER CODE END. Other portions of this file, whether 
  10:Src/stm32f1xx_hal_msp.c ****   * inserted by the user or by software development tools
  11:Src/stm32f1xx_hal_msp.c ****   * are owned by their respective copyright owners.
  12:Src/stm32f1xx_hal_msp.c ****   *
  13:Src/stm32f1xx_hal_msp.c ****   * Copyright (c) 2019 STMicroelectronics International N.V. 
  14:Src/stm32f1xx_hal_msp.c ****   * All rights reserved.
  15:Src/stm32f1xx_hal_msp.c ****   *
  16:Src/stm32f1xx_hal_msp.c ****   * Redistribution and use in source and binary forms, with or without 
  17:Src/stm32f1xx_hal_msp.c ****   * modification, are permitted, provided that the following conditions are met:
  18:Src/stm32f1xx_hal_msp.c ****   *
  19:Src/stm32f1xx_hal_msp.c ****   * 1. Redistribution of source code must retain the above copyright notice, 
  20:Src/stm32f1xx_hal_msp.c ****   *    this list of conditions and the following disclaimer.
  21:Src/stm32f1xx_hal_msp.c ****   * 2. Redistributions in binary form must reproduce the above copyright notice,
  22:Src/stm32f1xx_hal_msp.c ****   *    this list of conditions and the following disclaimer in the documentation
  23:Src/stm32f1xx_hal_msp.c ****   *    and/or other materials provided with the distribution.
  24:Src/stm32f1xx_hal_msp.c ****   * 3. Neither the name of STMicroelectronics nor the names of other 
  25:Src/stm32f1xx_hal_msp.c ****   *    contributors to this software may be used to endorse or promote products 
  26:Src/stm32f1xx_hal_msp.c ****   *    derived from this software without specific written permission.
  27:Src/stm32f1xx_hal_msp.c ****   * 4. This software, including modifications and/or derivative works of this 
  28:Src/stm32f1xx_hal_msp.c ****   *    software, must execute solely and exclusively on microcontroller or
  29:Src/stm32f1xx_hal_msp.c ****   *    microprocessor devices manufactured by or for STMicroelectronics.
  30:Src/stm32f1xx_hal_msp.c ****   * 5. Redistribution and use of this software other than as permitted under 
  31:Src/stm32f1xx_hal_msp.c ****   *    this license is void and will automatically terminate your rights under 
ARM GAS  /tmp/ccAza7mW.s 			page 2


  32:Src/stm32f1xx_hal_msp.c ****   *    this license. 
  33:Src/stm32f1xx_hal_msp.c ****   *
  34:Src/stm32f1xx_hal_msp.c ****   * THIS SOFTWARE IS PROVIDED BY STMICROELECTRONICS AND CONTRIBUTORS "AS IS" 
  35:Src/stm32f1xx_hal_msp.c ****   * AND ANY EXPRESS, IMPLIED OR STATUTORY WARRANTIES, INCLUDING, BUT NOT 
  36:Src/stm32f1xx_hal_msp.c ****   * LIMITED TO, THE IMPLIED WARRANTIES OF MERCHANTABILITY, FITNESS FOR A 
  37:Src/stm32f1xx_hal_msp.c ****   * PARTICULAR PURPOSE AND NON-INFRINGEMENT OF THIRD PARTY INTELLECTUAL PROPERTY
  38:Src/stm32f1xx_hal_msp.c ****   * RIGHTS ARE DISCLAIMED TO THE FULLEST EXTENT PERMITTED BY LAW. IN NO EVENT 
  39:Src/stm32f1xx_hal_msp.c ****   * SHALL STMICROELECTRONICS OR CONTRIBUTORS BE LIABLE FOR ANY DIRECT, INDIRECT,
  40:Src/stm32f1xx_hal_msp.c ****   * INCIDENTAL, SPECIAL, EXEMPLARY, OR CONSEQUENTIAL DAMAGES (INCLUDING, BUT NOT
  41:Src/stm32f1xx_hal_msp.c ****   * LIMITED TO, PROCUREMENT OF SUBSTITUTE GOODS OR SERVICES; LOSS OF USE, DATA, 
  42:Src/stm32f1xx_hal_msp.c ****   * OR PROFITS; OR BUSINESS INTERRUPTION) HOWEVER CAUSED AND ON ANY THEORY OF 
  43:Src/stm32f1xx_hal_msp.c ****   * LIABILITY, WHETHER IN CONTRACT, STRICT LIABILITY, OR TORT (INCLUDING 
  44:Src/stm32f1xx_hal_msp.c ****   * NEGLIGENCE OR OTHERWISE) ARISING IN ANY WAY OUT OF THE USE OF THIS SOFTWARE,
  45:Src/stm32f1xx_hal_msp.c ****   * EVEN IF ADVISED OF THE POSSIBILITY OF SUCH DAMAGE.
  46:Src/stm32f1xx_hal_msp.c ****   *
  47:Src/stm32f1xx_hal_msp.c ****   ******************************************************************************
  48:Src/stm32f1xx_hal_msp.c ****   */
  49:Src/stm32f1xx_hal_msp.c **** /* Includes ------------------------------------------------------------------*/
  50:Src/stm32f1xx_hal_msp.c **** #include "stm32f1xx_hal.h"
  51:Src/stm32f1xx_hal_msp.c **** 
  52:Src/stm32f1xx_hal_msp.c **** extern void _Error_Handler(char *, int);
  53:Src/stm32f1xx_hal_msp.c **** /* USER CODE BEGIN 0 */
  54:Src/stm32f1xx_hal_msp.c **** 
  55:Src/stm32f1xx_hal_msp.c **** /* USER CODE END 0 */
  56:Src/stm32f1xx_hal_msp.c **** /**
  57:Src/stm32f1xx_hal_msp.c ****   * Initializes the Global MSP.
  58:Src/stm32f1xx_hal_msp.c ****   */
  59:Src/stm32f1xx_hal_msp.c **** void HAL_MspInit(void)
  60:Src/stm32f1xx_hal_msp.c **** {
  28              		.loc 1 60 0
  29              		.cfi_startproc
  30              		@ args = 0, pretend = 0, frame = 8
  31              		@ frame_needed = 0, uses_anonymous_args = 0
  32 0000 00B5     		push	{lr}
  33              	.LCFI0:
  34              		.cfi_def_cfa_offset 4
  35              		.cfi_offset 14, -4
  36 0002 83B0     		sub	sp, sp, #12
  37              	.LCFI1:
  38              		.cfi_def_cfa_offset 16
  39              	.LBB2:
  61:Src/stm32f1xx_hal_msp.c ****   /* USER CODE BEGIN MspInit 0 */
  62:Src/stm32f1xx_hal_msp.c **** 
  63:Src/stm32f1xx_hal_msp.c ****   /* USER CODE END MspInit 0 */
  64:Src/stm32f1xx_hal_msp.c **** 
  65:Src/stm32f1xx_hal_msp.c ****   __HAL_RCC_AFIO_CLK_ENABLE();
  40              		.loc 1 65 0
  41 0004 244B     		ldr	r3, .L3
  42 0006 9A69     		ldr	r2, [r3, #24]
  43 0008 42F00102 		orr	r2, r2, #1
  44 000c 9A61     		str	r2, [r3, #24]
  45 000e 9A69     		ldr	r2, [r3, #24]
  46 0010 02F00102 		and	r2, r2, #1
  47 0014 0092     		str	r2, [sp]
  48 0016 009A     		ldr	r2, [sp]
  49              	.LBE2:
  50              	.LBB3:
ARM GAS  /tmp/ccAza7mW.s 			page 3


  66:Src/stm32f1xx_hal_msp.c ****   __HAL_RCC_PWR_CLK_ENABLE();
  51              		.loc 1 66 0
  52 0018 DA69     		ldr	r2, [r3, #28]
  53 001a 42F08052 		orr	r2, r2, #268435456
  54 001e DA61     		str	r2, [r3, #28]
  55 0020 DB69     		ldr	r3, [r3, #28]
  56 0022 03F08053 		and	r3, r3, #268435456
  57 0026 0193     		str	r3, [sp, #4]
  58 0028 019B     		ldr	r3, [sp, #4]
  59              	.LBE3:
  67:Src/stm32f1xx_hal_msp.c **** 
  68:Src/stm32f1xx_hal_msp.c ****   HAL_NVIC_SetPriorityGrouping(NVIC_PRIORITYGROUP_4);
  60              		.loc 1 68 0
  61 002a 0320     		movs	r0, #3
  62 002c FFF7FEFF 		bl	HAL_NVIC_SetPriorityGrouping
  63              	.LVL0:
  69:Src/stm32f1xx_hal_msp.c **** 
  70:Src/stm32f1xx_hal_msp.c ****   /* System interrupt init*/
  71:Src/stm32f1xx_hal_msp.c ****   /* MemoryManagement_IRQn interrupt configuration */
  72:Src/stm32f1xx_hal_msp.c ****   HAL_NVIC_SetPriority(MemoryManagement_IRQn, 0, 0);
  64              		.loc 1 72 0
  65 0030 0022     		movs	r2, #0
  66 0032 1146     		mov	r1, r2
  67 0034 6FF00B00 		mvn	r0, #11
  68 0038 FFF7FEFF 		bl	HAL_NVIC_SetPriority
  69              	.LVL1:
  73:Src/stm32f1xx_hal_msp.c ****   /* BusFault_IRQn interrupt configuration */
  74:Src/stm32f1xx_hal_msp.c ****   HAL_NVIC_SetPriority(BusFault_IRQn, 0, 0);
  70              		.loc 1 74 0
  71 003c 0022     		movs	r2, #0
  72 003e 1146     		mov	r1, r2
  73 0040 6FF00A00 		mvn	r0, #10
  74 0044 FFF7FEFF 		bl	HAL_NVIC_SetPriority
  75              	.LVL2:
  75:Src/stm32f1xx_hal_msp.c ****   /* UsageFault_IRQn interrupt configuration */
  76:Src/stm32f1xx_hal_msp.c ****   HAL_NVIC_SetPriority(UsageFault_IRQn, 0, 0);
  76              		.loc 1 76 0
  77 0048 0022     		movs	r2, #0
  78 004a 1146     		mov	r1, r2
  79 004c 6FF00900 		mvn	r0, #9
  80 0050 FFF7FEFF 		bl	HAL_NVIC_SetPriority
  81              	.LVL3:
  77:Src/stm32f1xx_hal_msp.c ****   /* SVCall_IRQn interrupt configuration */
  78:Src/stm32f1xx_hal_msp.c ****   HAL_NVIC_SetPriority(SVCall_IRQn, 0, 0);
  82              		.loc 1 78 0
  83 0054 0022     		movs	r2, #0
  84 0056 1146     		mov	r1, r2
  85 0058 6FF00400 		mvn	r0, #4
  86 005c FFF7FEFF 		bl	HAL_NVIC_SetPriority
  87              	.LVL4:
  79:Src/stm32f1xx_hal_msp.c ****   /* DebugMonitor_IRQn interrupt configuration */
  80:Src/stm32f1xx_hal_msp.c ****   HAL_NVIC_SetPriority(DebugMonitor_IRQn, 0, 0);
  88              		.loc 1 80 0
  89 0060 0022     		movs	r2, #0
  90 0062 1146     		mov	r1, r2
  91 0064 6FF00300 		mvn	r0, #3
  92 0068 FFF7FEFF 		bl	HAL_NVIC_SetPriority
ARM GAS  /tmp/ccAza7mW.s 			page 4


  93              	.LVL5:
  81:Src/stm32f1xx_hal_msp.c ****   /* PendSV_IRQn interrupt configuration */
  82:Src/stm32f1xx_hal_msp.c ****   HAL_NVIC_SetPriority(PendSV_IRQn, 15, 0);
  94              		.loc 1 82 0
  95 006c 0022     		movs	r2, #0
  96 006e 0F21     		movs	r1, #15
  97 0070 6FF00100 		mvn	r0, #1
  98 0074 FFF7FEFF 		bl	HAL_NVIC_SetPriority
  99              	.LVL6:
  83:Src/stm32f1xx_hal_msp.c ****   /* SysTick_IRQn interrupt configuration */
  84:Src/stm32f1xx_hal_msp.c ****   HAL_NVIC_SetPriority(SysTick_IRQn, 15, 0);
 100              		.loc 1 84 0
 101 0078 0022     		movs	r2, #0
 102 007a 0F21     		movs	r1, #15
 103 007c 4FF0FF30 		mov	r0, #-1
 104 0080 FFF7FEFF 		bl	HAL_NVIC_SetPriority
 105              	.LVL7:
 106              	.LBB4:
  85:Src/stm32f1xx_hal_msp.c **** 
  86:Src/stm32f1xx_hal_msp.c ****     /**NOJTAG: JTAG-DP Disabled and SW-DP Enabled 
  87:Src/stm32f1xx_hal_msp.c ****     */
  88:Src/stm32f1xx_hal_msp.c ****   __HAL_AFIO_REMAP_SWJ_NOJTAG();
 107              		.loc 1 88 0
 108 0084 054A     		ldr	r2, .L3+4
 109 0086 5368     		ldr	r3, [r2, #4]
 110              	.LVL8:
 111 0088 23F0E063 		bic	r3, r3, #117440512
 112              	.LVL9:
 113 008c 43F00073 		orr	r3, r3, #33554432
 114              	.LVL10:
 115 0090 5360     		str	r3, [r2, #4]
 116              	.LBE4:
  89:Src/stm32f1xx_hal_msp.c **** 
  90:Src/stm32f1xx_hal_msp.c ****   /* USER CODE BEGIN MspInit 1 */
  91:Src/stm32f1xx_hal_msp.c **** 
  92:Src/stm32f1xx_hal_msp.c ****   /* USER CODE END MspInit 1 */
  93:Src/stm32f1xx_hal_msp.c **** }
 117              		.loc 1 93 0
 118 0092 03B0     		add	sp, sp, #12
 119              	.LCFI2:
 120              		.cfi_def_cfa_offset 4
 121              		@ sp needed
 122 0094 5DF804FB 		ldr	pc, [sp], #4
 123              	.L4:
 124              		.align	2
 125              	.L3:
 126 0098 00100240 		.word	1073876992
 127 009c 00000140 		.word	1073807360
 128              		.cfi_endproc
 129              	.LFE64:
 131              		.section	.text.HAL_CAN_MspInit,"ax",%progbits
 132              		.align	2
 133              		.global	HAL_CAN_MspInit
 134              		.thumb
 135              		.thumb_func
 137              	HAL_CAN_MspInit:
 138              	.LFB65:
ARM GAS  /tmp/ccAza7mW.s 			page 5


  94:Src/stm32f1xx_hal_msp.c **** 
  95:Src/stm32f1xx_hal_msp.c **** void HAL_CAN_MspInit(CAN_HandleTypeDef* hcan)
  96:Src/stm32f1xx_hal_msp.c **** {
 139              		.loc 1 96 0
 140              		.cfi_startproc
 141              		@ args = 0, pretend = 0, frame = 24
 142              		@ frame_needed = 0, uses_anonymous_args = 0
 143              	.LVL11:
  97:Src/stm32f1xx_hal_msp.c **** 
  98:Src/stm32f1xx_hal_msp.c ****   GPIO_InitTypeDef GPIO_InitStruct;
  99:Src/stm32f1xx_hal_msp.c ****   if(hcan->Instance==CAN1)
 144              		.loc 1 99 0
 145 0000 0268     		ldr	r2, [r0]
 146 0002 1D4B     		ldr	r3, .L9
 147 0004 9A42     		cmp	r2, r3
 148 0006 35D1     		bne	.L8
  96:Src/stm32f1xx_hal_msp.c **** 
 149              		.loc 1 96 0
 150 0008 30B5     		push	{r4, r5, lr}
 151              	.LCFI3:
 152              		.cfi_def_cfa_offset 12
 153              		.cfi_offset 4, -12
 154              		.cfi_offset 5, -8
 155              		.cfi_offset 14, -4
 156 000a 87B0     		sub	sp, sp, #28
 157              	.LCFI4:
 158              		.cfi_def_cfa_offset 40
 159              	.LBB5:
 100:Src/stm32f1xx_hal_msp.c ****   {
 101:Src/stm32f1xx_hal_msp.c ****   /* USER CODE BEGIN CAN1_MspInit 0 */
 102:Src/stm32f1xx_hal_msp.c **** 
 103:Src/stm32f1xx_hal_msp.c ****   /* USER CODE END CAN1_MspInit 0 */
 104:Src/stm32f1xx_hal_msp.c ****     /* Peripheral clock enable */
 105:Src/stm32f1xx_hal_msp.c ****     __HAL_RCC_CAN1_CLK_ENABLE();
 160              		.loc 1 105 0
 161 000c 03F5D633 		add	r3, r3, #109568
 162 0010 DA69     		ldr	r2, [r3, #28]
 163 0012 42F00072 		orr	r2, r2, #33554432
 164 0016 DA61     		str	r2, [r3, #28]
 165 0018 DB69     		ldr	r3, [r3, #28]
 166 001a 03F00073 		and	r3, r3, #33554432
 167 001e 0193     		str	r3, [sp, #4]
 168 0020 019B     		ldr	r3, [sp, #4]
 169              	.LBE5:
 106:Src/stm32f1xx_hal_msp.c ****   
 107:Src/stm32f1xx_hal_msp.c ****     /**CAN GPIO Configuration    
 108:Src/stm32f1xx_hal_msp.c ****     PB8     ------> CAN_RX
 109:Src/stm32f1xx_hal_msp.c ****     PB9     ------> CAN_TX 
 110:Src/stm32f1xx_hal_msp.c ****     */
 111:Src/stm32f1xx_hal_msp.c ****     GPIO_InitStruct.Pin = GPIO_PIN_8;
 170              		.loc 1 111 0
 171 0022 4FF48073 		mov	r3, #256
 172 0026 0293     		str	r3, [sp, #8]
 112:Src/stm32f1xx_hal_msp.c ****     GPIO_InitStruct.Mode = GPIO_MODE_INPUT;
 173              		.loc 1 112 0
 174 0028 0024     		movs	r4, #0
 175 002a 0394     		str	r4, [sp, #12]
ARM GAS  /tmp/ccAza7mW.s 			page 6


 113:Src/stm32f1xx_hal_msp.c ****     GPIO_InitStruct.Pull = GPIO_NOPULL;
 176              		.loc 1 113 0
 177 002c 0494     		str	r4, [sp, #16]
 114:Src/stm32f1xx_hal_msp.c ****     HAL_GPIO_Init(GPIOB, &GPIO_InitStruct);
 178              		.loc 1 114 0
 179 002e 134D     		ldr	r5, .L9+4
 180 0030 02A9     		add	r1, sp, #8
 181 0032 2846     		mov	r0, r5
 182              	.LVL12:
 183 0034 FFF7FEFF 		bl	HAL_GPIO_Init
 184              	.LVL13:
 115:Src/stm32f1xx_hal_msp.c **** 
 116:Src/stm32f1xx_hal_msp.c ****     GPIO_InitStruct.Pin = GPIO_PIN_9;
 185              		.loc 1 116 0
 186 0038 4FF40073 		mov	r3, #512
 187 003c 0293     		str	r3, [sp, #8]
 117:Src/stm32f1xx_hal_msp.c ****     GPIO_InitStruct.Mode = GPIO_MODE_AF_PP;
 188              		.loc 1 117 0
 189 003e 0223     		movs	r3, #2
 190 0040 0393     		str	r3, [sp, #12]
 118:Src/stm32f1xx_hal_msp.c ****     GPIO_InitStruct.Speed = GPIO_SPEED_FREQ_HIGH;
 191              		.loc 1 118 0
 192 0042 0323     		movs	r3, #3
 193 0044 0593     		str	r3, [sp, #20]
 119:Src/stm32f1xx_hal_msp.c ****     HAL_GPIO_Init(GPIOB, &GPIO_InitStruct);
 194              		.loc 1 119 0
 195 0046 02A9     		add	r1, sp, #8
 196 0048 2846     		mov	r0, r5
 197 004a FFF7FEFF 		bl	HAL_GPIO_Init
 198              	.LVL14:
 199              	.LBB6:
 120:Src/stm32f1xx_hal_msp.c **** 
 121:Src/stm32f1xx_hal_msp.c ****     __HAL_AFIO_REMAP_CAN1_2();
 200              		.loc 1 121 0
 201 004e 0C4A     		ldr	r2, .L9+8
 202 0050 5368     		ldr	r3, [r2, #4]
 203              	.LVL15:
 204 0052 23F4C043 		bic	r3, r3, #24576
 205              	.LVL16:
 206 0056 43F0E063 		orr	r3, r3, #117440512
 207              	.LVL17:
 208 005a 43F48043 		orr	r3, r3, #16384
 209              	.LVL18:
 210 005e 5360     		str	r3, [r2, #4]
 211              	.LBE6:
 122:Src/stm32f1xx_hal_msp.c **** 
 123:Src/stm32f1xx_hal_msp.c ****     /* CAN1 interrupt Init */
 124:Src/stm32f1xx_hal_msp.c ****     HAL_NVIC_SetPriority(USB_LP_CAN1_RX0_IRQn, 5, 0);
 212              		.loc 1 124 0
 213 0060 2246     		mov	r2, r4
 214 0062 0521     		movs	r1, #5
 215 0064 1420     		movs	r0, #20
 216 0066 FFF7FEFF 		bl	HAL_NVIC_SetPriority
 217              	.LVL19:
 125:Src/stm32f1xx_hal_msp.c ****     HAL_NVIC_EnableIRQ(USB_LP_CAN1_RX0_IRQn);
 218              		.loc 1 125 0
 219 006a 1420     		movs	r0, #20
ARM GAS  /tmp/ccAza7mW.s 			page 7


 220 006c FFF7FEFF 		bl	HAL_NVIC_EnableIRQ
 221              	.LVL20:
 126:Src/stm32f1xx_hal_msp.c ****   /* USER CODE BEGIN CAN1_MspInit 1 */
 127:Src/stm32f1xx_hal_msp.c **** 
 128:Src/stm32f1xx_hal_msp.c ****   /* USER CODE END CAN1_MspInit 1 */
 129:Src/stm32f1xx_hal_msp.c ****   }
 130:Src/stm32f1xx_hal_msp.c **** 
 131:Src/stm32f1xx_hal_msp.c **** }
 222              		.loc 1 131 0
 223 0070 07B0     		add	sp, sp, #28
 224              	.LCFI5:
 225              		.cfi_def_cfa_offset 12
 226              		@ sp needed
 227 0072 30BD     		pop	{r4, r5, pc}
 228              	.LVL21:
 229              	.L8:
 230              	.LCFI6:
 231              		.cfi_def_cfa_offset 0
 232              		.cfi_restore 4
 233              		.cfi_restore 5
 234              		.cfi_restore 14
 235 0074 7047     		bx	lr
 236              	.L10:
 237 0076 00BF     		.align	2
 238              	.L9:
 239 0078 00640040 		.word	1073767424
 240 007c 000C0140 		.word	1073810432
 241 0080 00000140 		.word	1073807360
 242              		.cfi_endproc
 243              	.LFE65:
 245              		.section	.text.HAL_CAN_MspDeInit,"ax",%progbits
 246              		.align	2
 247              		.global	HAL_CAN_MspDeInit
 248              		.thumb
 249              		.thumb_func
 251              	HAL_CAN_MspDeInit:
 252              	.LFB66:
 132:Src/stm32f1xx_hal_msp.c **** 
 133:Src/stm32f1xx_hal_msp.c **** void HAL_CAN_MspDeInit(CAN_HandleTypeDef* hcan)
 134:Src/stm32f1xx_hal_msp.c **** {
 253              		.loc 1 134 0
 254              		.cfi_startproc
 255              		@ args = 0, pretend = 0, frame = 0
 256              		@ frame_needed = 0, uses_anonymous_args = 0
 257              	.LVL22:
 258 0000 08B5     		push	{r3, lr}
 259              	.LCFI7:
 260              		.cfi_def_cfa_offset 8
 261              		.cfi_offset 3, -8
 262              		.cfi_offset 14, -4
 135:Src/stm32f1xx_hal_msp.c **** 
 136:Src/stm32f1xx_hal_msp.c ****   if(hcan->Instance==CAN1)
 263              		.loc 1 136 0
 264 0002 0268     		ldr	r2, [r0]
 265 0004 084B     		ldr	r3, .L14
 266 0006 9A42     		cmp	r2, r3
 267 0008 0CD1     		bne	.L11
ARM GAS  /tmp/ccAza7mW.s 			page 8


 137:Src/stm32f1xx_hal_msp.c ****   {
 138:Src/stm32f1xx_hal_msp.c ****   /* USER CODE BEGIN CAN1_MspDeInit 0 */
 139:Src/stm32f1xx_hal_msp.c **** 
 140:Src/stm32f1xx_hal_msp.c ****   /* USER CODE END CAN1_MspDeInit 0 */
 141:Src/stm32f1xx_hal_msp.c ****     /* Peripheral clock disable */
 142:Src/stm32f1xx_hal_msp.c ****     __HAL_RCC_CAN1_CLK_DISABLE();
 268              		.loc 1 142 0
 269 000a 084A     		ldr	r2, .L14+4
 270 000c D369     		ldr	r3, [r2, #28]
 271 000e 23F00073 		bic	r3, r3, #33554432
 272 0012 D361     		str	r3, [r2, #28]
 143:Src/stm32f1xx_hal_msp.c ****   
 144:Src/stm32f1xx_hal_msp.c ****     /**CAN GPIO Configuration    
 145:Src/stm32f1xx_hal_msp.c ****     PB8     ------> CAN_RX
 146:Src/stm32f1xx_hal_msp.c ****     PB9     ------> CAN_TX 
 147:Src/stm32f1xx_hal_msp.c ****     */
 148:Src/stm32f1xx_hal_msp.c ****     HAL_GPIO_DeInit(GPIOB, GPIO_PIN_8|GPIO_PIN_9);
 273              		.loc 1 148 0
 274 0014 4FF44071 		mov	r1, #768
 275 0018 0548     		ldr	r0, .L14+8
 276              	.LVL23:
 277 001a FFF7FEFF 		bl	HAL_GPIO_DeInit
 278              	.LVL24:
 149:Src/stm32f1xx_hal_msp.c **** 
 150:Src/stm32f1xx_hal_msp.c ****     /* CAN1 interrupt DeInit */
 151:Src/stm32f1xx_hal_msp.c ****     HAL_NVIC_DisableIRQ(USB_LP_CAN1_RX0_IRQn);
 279              		.loc 1 151 0
 280 001e 1420     		movs	r0, #20
 281 0020 FFF7FEFF 		bl	HAL_NVIC_DisableIRQ
 282              	.LVL25:
 283              	.L11:
 284 0024 08BD     		pop	{r3, pc}
 285              	.L15:
 286 0026 00BF     		.align	2
 287              	.L14:
 288 0028 00640040 		.word	1073767424
 289 002c 00100240 		.word	1073876992
 290 0030 000C0140 		.word	1073810432
 291              		.cfi_endproc
 292              	.LFE66:
 294              		.section	.text.HAL_UART_MspInit,"ax",%progbits
 295              		.align	2
 296              		.global	HAL_UART_MspInit
 297              		.thumb
 298              		.thumb_func
 300              	HAL_UART_MspInit:
 301              	.LFB67:
 152:Src/stm32f1xx_hal_msp.c ****   /* USER CODE BEGIN CAN1_MspDeInit 1 */
 153:Src/stm32f1xx_hal_msp.c **** 
 154:Src/stm32f1xx_hal_msp.c ****   /* USER CODE END CAN1_MspDeInit 1 */
 155:Src/stm32f1xx_hal_msp.c ****   }
 156:Src/stm32f1xx_hal_msp.c **** 
 157:Src/stm32f1xx_hal_msp.c **** }
 158:Src/stm32f1xx_hal_msp.c **** 
 159:Src/stm32f1xx_hal_msp.c **** void HAL_UART_MspInit(UART_HandleTypeDef* huart)
 160:Src/stm32f1xx_hal_msp.c **** {
 302              		.loc 1 160 0
ARM GAS  /tmp/ccAza7mW.s 			page 9


 303              		.cfi_startproc
 304              		@ args = 0, pretend = 0, frame = 24
 305              		@ frame_needed = 0, uses_anonymous_args = 0
 306              	.LVL26:
 161:Src/stm32f1xx_hal_msp.c **** 
 162:Src/stm32f1xx_hal_msp.c ****   GPIO_InitTypeDef GPIO_InitStruct;
 163:Src/stm32f1xx_hal_msp.c ****   if(huart->Instance==USART1)
 307              		.loc 1 163 0
 308 0000 0268     		ldr	r2, [r0]
 309 0002 144B     		ldr	r3, .L20
 310 0004 9A42     		cmp	r2, r3
 311 0006 24D1     		bne	.L19
 160:Src/stm32f1xx_hal_msp.c **** 
 312              		.loc 1 160 0
 313 0008 10B5     		push	{r4, lr}
 314              	.LCFI8:
 315              		.cfi_def_cfa_offset 8
 316              		.cfi_offset 4, -8
 317              		.cfi_offset 14, -4
 318 000a 86B0     		sub	sp, sp, #24
 319              	.LCFI9:
 320              		.cfi_def_cfa_offset 32
 321              	.LBB7:
 164:Src/stm32f1xx_hal_msp.c ****   {
 165:Src/stm32f1xx_hal_msp.c ****   /* USER CODE BEGIN USART1_MspInit 0 */
 166:Src/stm32f1xx_hal_msp.c **** 
 167:Src/stm32f1xx_hal_msp.c ****   /* USER CODE END USART1_MspInit 0 */
 168:Src/stm32f1xx_hal_msp.c ****     /* Peripheral clock enable */
 169:Src/stm32f1xx_hal_msp.c ****     __HAL_RCC_USART1_CLK_ENABLE();
 322              		.loc 1 169 0
 323 000c 03F55843 		add	r3, r3, #55296
 324 0010 9A69     		ldr	r2, [r3, #24]
 325 0012 42F48042 		orr	r2, r2, #16384
 326 0016 9A61     		str	r2, [r3, #24]
 327 0018 9B69     		ldr	r3, [r3, #24]
 328 001a 03F48043 		and	r3, r3, #16384
 329 001e 0193     		str	r3, [sp, #4]
 330 0020 019B     		ldr	r3, [sp, #4]
 331              	.LBE7:
 170:Src/stm32f1xx_hal_msp.c ****   
 171:Src/stm32f1xx_hal_msp.c ****     /**USART1 GPIO Configuration    
 172:Src/stm32f1xx_hal_msp.c ****     PA9     ------> USART1_TX
 173:Src/stm32f1xx_hal_msp.c ****     PA10     ------> USART1_RX 
 174:Src/stm32f1xx_hal_msp.c ****     */
 175:Src/stm32f1xx_hal_msp.c ****     GPIO_InitStruct.Pin = GPIO_PIN_9;
 332              		.loc 1 175 0
 333 0022 4FF40073 		mov	r3, #512
 334 0026 0293     		str	r3, [sp, #8]
 176:Src/stm32f1xx_hal_msp.c ****     GPIO_InitStruct.Mode = GPIO_MODE_AF_PP;
 335              		.loc 1 176 0
 336 0028 0223     		movs	r3, #2
 337 002a 0393     		str	r3, [sp, #12]
 177:Src/stm32f1xx_hal_msp.c ****     GPIO_InitStruct.Speed = GPIO_SPEED_FREQ_HIGH;
 338              		.loc 1 177 0
 339 002c 0323     		movs	r3, #3
 340 002e 0593     		str	r3, [sp, #20]
 178:Src/stm32f1xx_hal_msp.c ****     HAL_GPIO_Init(GPIOA, &GPIO_InitStruct);
ARM GAS  /tmp/ccAza7mW.s 			page 10


 341              		.loc 1 178 0
 342 0030 094C     		ldr	r4, .L20+4
 343 0032 02A9     		add	r1, sp, #8
 344 0034 2046     		mov	r0, r4
 345              	.LVL27:
 346 0036 FFF7FEFF 		bl	HAL_GPIO_Init
 347              	.LVL28:
 179:Src/stm32f1xx_hal_msp.c **** 
 180:Src/stm32f1xx_hal_msp.c ****     GPIO_InitStruct.Pin = GPIO_PIN_10;
 348              		.loc 1 180 0
 349 003a 4FF48063 		mov	r3, #1024
 350 003e 0293     		str	r3, [sp, #8]
 181:Src/stm32f1xx_hal_msp.c ****     GPIO_InitStruct.Mode = GPIO_MODE_INPUT;
 351              		.loc 1 181 0
 352 0040 0023     		movs	r3, #0
 353 0042 0393     		str	r3, [sp, #12]
 182:Src/stm32f1xx_hal_msp.c ****     GPIO_InitStruct.Pull = GPIO_NOPULL;
 354              		.loc 1 182 0
 355 0044 0493     		str	r3, [sp, #16]
 183:Src/stm32f1xx_hal_msp.c ****     HAL_GPIO_Init(GPIOA, &GPIO_InitStruct);
 356              		.loc 1 183 0
 357 0046 02A9     		add	r1, sp, #8
 358 0048 2046     		mov	r0, r4
 359 004a FFF7FEFF 		bl	HAL_GPIO_Init
 360              	.LVL29:
 184:Src/stm32f1xx_hal_msp.c **** 
 185:Src/stm32f1xx_hal_msp.c ****   /* USER CODE BEGIN USART1_MspInit 1 */
 186:Src/stm32f1xx_hal_msp.c **** 
 187:Src/stm32f1xx_hal_msp.c ****   /* USER CODE END USART1_MspInit 1 */
 188:Src/stm32f1xx_hal_msp.c ****   }
 189:Src/stm32f1xx_hal_msp.c **** 
 190:Src/stm32f1xx_hal_msp.c **** }
 361              		.loc 1 190 0
 362 004e 06B0     		add	sp, sp, #24
 363              	.LCFI10:
 364              		.cfi_def_cfa_offset 8
 365              		@ sp needed
 366 0050 10BD     		pop	{r4, pc}
 367              	.LVL30:
 368              	.L19:
 369              	.LCFI11:
 370              		.cfi_def_cfa_offset 0
 371              		.cfi_restore 4
 372              		.cfi_restore 14
 373 0052 7047     		bx	lr
 374              	.L21:
 375              		.align	2
 376              	.L20:
 377 0054 00380140 		.word	1073821696
 378 0058 00080140 		.word	1073809408
 379              		.cfi_endproc
 380              	.LFE67:
 382              		.section	.text.HAL_UART_MspDeInit,"ax",%progbits
 383              		.align	2
 384              		.global	HAL_UART_MspDeInit
 385              		.thumb
 386              		.thumb_func
ARM GAS  /tmp/ccAza7mW.s 			page 11


 388              	HAL_UART_MspDeInit:
 389              	.LFB68:
 191:Src/stm32f1xx_hal_msp.c **** 
 192:Src/stm32f1xx_hal_msp.c **** void HAL_UART_MspDeInit(UART_HandleTypeDef* huart)
 193:Src/stm32f1xx_hal_msp.c **** {
 390              		.loc 1 193 0
 391              		.cfi_startproc
 392              		@ args = 0, pretend = 0, frame = 0
 393              		@ frame_needed = 0, uses_anonymous_args = 0
 394              	.LVL31:
 395 0000 08B5     		push	{r3, lr}
 396              	.LCFI12:
 397              		.cfi_def_cfa_offset 8
 398              		.cfi_offset 3, -8
 399              		.cfi_offset 14, -4
 194:Src/stm32f1xx_hal_msp.c **** 
 195:Src/stm32f1xx_hal_msp.c ****   if(huart->Instance==USART1)
 400              		.loc 1 195 0
 401 0002 0268     		ldr	r2, [r0]
 402 0004 064B     		ldr	r3, .L25
 403 0006 9A42     		cmp	r2, r3
 404 0008 09D1     		bne	.L22
 196:Src/stm32f1xx_hal_msp.c ****   {
 197:Src/stm32f1xx_hal_msp.c ****   /* USER CODE BEGIN USART1_MspDeInit 0 */
 198:Src/stm32f1xx_hal_msp.c **** 
 199:Src/stm32f1xx_hal_msp.c ****   /* USER CODE END USART1_MspDeInit 0 */
 200:Src/stm32f1xx_hal_msp.c ****     /* Peripheral clock disable */
 201:Src/stm32f1xx_hal_msp.c ****     __HAL_RCC_USART1_CLK_DISABLE();
 405              		.loc 1 201 0
 406 000a 064A     		ldr	r2, .L25+4
 407 000c 9369     		ldr	r3, [r2, #24]
 408 000e 23F48043 		bic	r3, r3, #16384
 409 0012 9361     		str	r3, [r2, #24]
 202:Src/stm32f1xx_hal_msp.c ****   
 203:Src/stm32f1xx_hal_msp.c ****     /**USART1 GPIO Configuration    
 204:Src/stm32f1xx_hal_msp.c ****     PA9     ------> USART1_TX
 205:Src/stm32f1xx_hal_msp.c ****     PA10     ------> USART1_RX 
 206:Src/stm32f1xx_hal_msp.c ****     */
 207:Src/stm32f1xx_hal_msp.c ****     HAL_GPIO_DeInit(GPIOA, GPIO_PIN_9|GPIO_PIN_10);
 410              		.loc 1 207 0
 411 0014 4FF4C061 		mov	r1, #1536
 412 0018 0348     		ldr	r0, .L25+8
 413              	.LVL32:
 414 001a FFF7FEFF 		bl	HAL_GPIO_DeInit
 415              	.LVL33:
 416              	.L22:
 417 001e 08BD     		pop	{r3, pc}
 418              	.L26:
 419              		.align	2
 420              	.L25:
 421 0020 00380140 		.word	1073821696
 422 0024 00100240 		.word	1073876992
 423 0028 00080140 		.word	1073809408
 424              		.cfi_endproc
 425              	.LFE68:
 427              		.text
 428              	.Letext0:
ARM GAS  /tmp/ccAza7mW.s 			page 12


 429              		.file 2 "/home/user/Library/gcc-arm-none-eabi-5_4-2016q3/arm-none-eabi/include/machine/_default_ty
 430              		.file 3 "/home/user/Library/gcc-arm-none-eabi-5_4-2016q3/arm-none-eabi/include/sys/_stdint.h"
 431              		.file 4 "Drivers/CMSIS/Device/ST/STM32F1xx/Include/stm32f103xe.h"
 432              		.file 5 "Drivers/STM32F1xx_HAL_Driver/Inc/stm32f1xx_hal_def.h"
 433              		.file 6 "Drivers/STM32F1xx_HAL_Driver/Inc/stm32f1xx_hal_gpio.h"
 434              		.file 7 "Drivers/STM32F1xx_HAL_Driver/Inc/stm32f1xx_hal_dma.h"
 435              		.file 8 "Drivers/STM32F1xx_HAL_Driver/Inc/stm32f1xx_hal_can.h"
 436              		.file 9 "Drivers/STM32F1xx_HAL_Driver/Inc/stm32f1xx_hal_uart.h"
 437              		.file 10 "Drivers/STM32F1xx_HAL_Driver/Inc/stm32f1xx_hal_cortex.h"
 438              		.file 11 "Drivers/CMSIS/Include/core_cm3.h"
ARM GAS  /tmp/ccAza7mW.s 			page 13


DEFINED SYMBOLS
                            *ABS*:00000000 stm32f1xx_hal_msp.c
     /tmp/ccAza7mW.s:20     .text.HAL_MspInit:00000000 $t
     /tmp/ccAza7mW.s:25     .text.HAL_MspInit:00000000 HAL_MspInit
     /tmp/ccAza7mW.s:126    .text.HAL_MspInit:00000098 $d
     /tmp/ccAza7mW.s:132    .text.HAL_CAN_MspInit:00000000 $t
     /tmp/ccAza7mW.s:137    .text.HAL_CAN_MspInit:00000000 HAL_CAN_MspInit
     /tmp/ccAza7mW.s:239    .text.HAL_CAN_MspInit:00000078 $d
     /tmp/ccAza7mW.s:246    .text.HAL_CAN_MspDeInit:00000000 $t
     /tmp/ccAza7mW.s:251    .text.HAL_CAN_MspDeInit:00000000 HAL_CAN_MspDeInit
     /tmp/ccAza7mW.s:288    .text.HAL_CAN_MspDeInit:00000028 $d
     /tmp/ccAza7mW.s:295    .text.HAL_UART_MspInit:00000000 $t
     /tmp/ccAza7mW.s:300    .text.HAL_UART_MspInit:00000000 HAL_UART_MspInit
     /tmp/ccAza7mW.s:377    .text.HAL_UART_MspInit:00000054 $d
     /tmp/ccAza7mW.s:383    .text.HAL_UART_MspDeInit:00000000 $t
     /tmp/ccAza7mW.s:388    .text.HAL_UART_MspDeInit:00000000 HAL_UART_MspDeInit
     /tmp/ccAza7mW.s:421    .text.HAL_UART_MspDeInit:00000020 $d
                     .debug_frame:00000010 $d

UNDEFINED SYMBOLS
HAL_NVIC_SetPriorityGrouping
HAL_NVIC_SetPriority
HAL_GPIO_Init
HAL_NVIC_EnableIRQ
HAL_GPIO_DeInit
HAL_NVIC_DisableIRQ
