ARM GAS  /tmp/ccop16tK.s 			page 1


   1              		.syntax unified
   2              		.cpu cortex-m3
   3              		.fpu softvfp
   4              		.eabi_attribute 20, 1
   5              		.eabi_attribute 21, 1
   6              		.eabi_attribute 23, 3
   7              		.eabi_attribute 24, 1
   8              		.eabi_attribute 25, 1
   9              		.eabi_attribute 26, 1
  10              		.eabi_attribute 30, 1
  11              		.eabi_attribute 34, 1
  12              		.eabi_attribute 18, 4
  13              		.thumb
  14              		.syntax unified
  15              		.file	"stm32f1xx_it.c"
  16              		.text
  17              	.Ltext0:
  18              		.cfi_sections	.debug_frame
  19              		.section	.text.NMI_Handler,"ax",%progbits
  20              		.align	2
  21              		.global	NMI_Handler
  22              		.thumb
  23              		.thumb_func
  25              	NMI_Handler:
  26              	.LFB69:
  27              		.file 1 "Src/stm32f1xx_it.c"
   1:Src/stm32f1xx_it.c **** /**
   2:Src/stm32f1xx_it.c ****   ******************************************************************************
   3:Src/stm32f1xx_it.c ****   * @file    stm32f1xx_it.c
   4:Src/stm32f1xx_it.c ****   * @brief   Interrupt Service Routines.
   5:Src/stm32f1xx_it.c ****   ******************************************************************************
   6:Src/stm32f1xx_it.c ****   *
   7:Src/stm32f1xx_it.c ****   * COPYRIGHT(c) 2019 STMicroelectronics
   8:Src/stm32f1xx_it.c ****   *
   9:Src/stm32f1xx_it.c ****   * Redistribution and use in source and binary forms, with or without modification,
  10:Src/stm32f1xx_it.c ****   * are permitted provided that the following conditions are met:
  11:Src/stm32f1xx_it.c ****   *   1. Redistributions of source code must retain the above copyright notice,
  12:Src/stm32f1xx_it.c ****   *      this list of conditions and the following disclaimer.
  13:Src/stm32f1xx_it.c ****   *   2. Redistributions in binary form must reproduce the above copyright notice,
  14:Src/stm32f1xx_it.c ****   *      this list of conditions and the following disclaimer in the documentation
  15:Src/stm32f1xx_it.c ****   *      and/or other materials provided with the distribution.
  16:Src/stm32f1xx_it.c ****   *   3. Neither the name of STMicroelectronics nor the names of its contributors
  17:Src/stm32f1xx_it.c ****   *      may be used to endorse or promote products derived from this software
  18:Src/stm32f1xx_it.c ****   *      without specific prior written permission.
  19:Src/stm32f1xx_it.c ****   *
  20:Src/stm32f1xx_it.c ****   * THIS SOFTWARE IS PROVIDED BY THE COPYRIGHT HOLDERS AND CONTRIBUTORS "AS IS"
  21:Src/stm32f1xx_it.c ****   * AND ANY EXPRESS OR IMPLIED WARRANTIES, INCLUDING, BUT NOT LIMITED TO, THE
  22:Src/stm32f1xx_it.c ****   * IMPLIED WARRANTIES OF MERCHANTABILITY AND FITNESS FOR A PARTICULAR PURPOSE ARE
  23:Src/stm32f1xx_it.c ****   * DISCLAIMED. IN NO EVENT SHALL THE COPYRIGHT HOLDER OR CONTRIBUTORS BE LIABLE
  24:Src/stm32f1xx_it.c ****   * FOR ANY DIRECT, INDIRECT, INCIDENTAL, SPECIAL, EXEMPLARY, OR CONSEQUENTIAL
  25:Src/stm32f1xx_it.c ****   * DAMAGES (INCLUDING, BUT NOT LIMITED TO, PROCUREMENT OF SUBSTITUTE GOODS OR
  26:Src/stm32f1xx_it.c ****   * SERVICES; LOSS OF USE, DATA, OR PROFITS; OR BUSINESS INTERRUPTION) HOWEVER
  27:Src/stm32f1xx_it.c ****   * CAUSED AND ON ANY THEORY OF LIABILITY, WHETHER IN CONTRACT, STRICT LIABILITY,
  28:Src/stm32f1xx_it.c ****   * OR TORT (INCLUDING NEGLIGENCE OR OTHERWISE) ARISING IN ANY WAY OUT OF THE USE
  29:Src/stm32f1xx_it.c ****   * OF THIS SOFTWARE, EVEN IF ADVISED OF THE POSSIBILITY OF SUCH DAMAGE.
  30:Src/stm32f1xx_it.c ****   *
  31:Src/stm32f1xx_it.c ****   ******************************************************************************
ARM GAS  /tmp/ccop16tK.s 			page 2


  32:Src/stm32f1xx_it.c ****   */
  33:Src/stm32f1xx_it.c **** /* Includes ------------------------------------------------------------------*/
  34:Src/stm32f1xx_it.c **** #include "stm32f1xx_hal.h"
  35:Src/stm32f1xx_it.c **** #include "stm32f1xx.h"
  36:Src/stm32f1xx_it.c **** #include "stm32f1xx_it.h"
  37:Src/stm32f1xx_it.c **** #include "cmsis_os.h"
  38:Src/stm32f1xx_it.c **** 
  39:Src/stm32f1xx_it.c **** /* USER CODE BEGIN 0 */
  40:Src/stm32f1xx_it.c **** 
  41:Src/stm32f1xx_it.c **** /* USER CODE END 0 */
  42:Src/stm32f1xx_it.c **** 
  43:Src/stm32f1xx_it.c **** /* External variables --------------------------------------------------------*/
  44:Src/stm32f1xx_it.c **** extern CAN_HandleTypeDef hcan;
  45:Src/stm32f1xx_it.c **** extern DMA_HandleTypeDef hdma_usart2_rx;
  46:Src/stm32f1xx_it.c **** extern DMA_HandleTypeDef hdma_usart2_tx;
  47:Src/stm32f1xx_it.c **** extern UART_HandleTypeDef huart1;
  48:Src/stm32f1xx_it.c **** extern UART_HandleTypeDef huart2;
  49:Src/stm32f1xx_it.c **** extern UART_HandleTypeDef huart3;
  50:Src/stm32f1xx_it.c **** 
  51:Src/stm32f1xx_it.c **** extern TIM_HandleTypeDef htim4;
  52:Src/stm32f1xx_it.c **** 
  53:Src/stm32f1xx_it.c **** extern int aRxBuffer2_Data_Size;
  54:Src/stm32f1xx_it.c **** extern uint8_t recv_end_flag;
  55:Src/stm32f1xx_it.c **** extern uint8_t rx_len;
  56:Src/stm32f1xx_it.c **** 
  57:Src/stm32f1xx_it.c **** /******************************************************************************/
  58:Src/stm32f1xx_it.c **** /*            Cortex-M3 Processor Interruption and Exception Handlers         */ 
  59:Src/stm32f1xx_it.c **** /******************************************************************************/
  60:Src/stm32f1xx_it.c **** 
  61:Src/stm32f1xx_it.c **** /**
  62:Src/stm32f1xx_it.c **** * @brief This function handles Non maskable interrupt.
  63:Src/stm32f1xx_it.c **** */
  64:Src/stm32f1xx_it.c **** void NMI_Handler(void)
  65:Src/stm32f1xx_it.c **** {
  28              		.loc 1 65 0
  29              		.cfi_startproc
  30              		@ args = 0, pretend = 0, frame = 0
  31              		@ frame_needed = 0, uses_anonymous_args = 0
  32              		@ link register save eliminated.
  33 0000 7047     		bx	lr
  34              		.cfi_endproc
  35              	.LFE69:
  37 0002 00BF     		.section	.text.HardFault_Handler,"ax",%progbits
  38              		.align	2
  39              		.global	HardFault_Handler
  40              		.thumb
  41              		.thumb_func
  43              	HardFault_Handler:
  44              	.LFB70:
  66:Src/stm32f1xx_it.c ****   /* USER CODE BEGIN NonMaskableInt_IRQn 0 */
  67:Src/stm32f1xx_it.c **** 
  68:Src/stm32f1xx_it.c ****   /* USER CODE END NonMaskableInt_IRQn 0 */
  69:Src/stm32f1xx_it.c ****   /* USER CODE BEGIN NonMaskableInt_IRQn 1 */
  70:Src/stm32f1xx_it.c **** 
  71:Src/stm32f1xx_it.c ****   /* USER CODE END NonMaskableInt_IRQn 1 */
  72:Src/stm32f1xx_it.c **** }
  73:Src/stm32f1xx_it.c **** 
ARM GAS  /tmp/ccop16tK.s 			page 3


  74:Src/stm32f1xx_it.c **** /**
  75:Src/stm32f1xx_it.c **** * @brief This function handles Hard fault interrupt.
  76:Src/stm32f1xx_it.c **** */
  77:Src/stm32f1xx_it.c **** void HardFault_Handler(void)
  78:Src/stm32f1xx_it.c **** {
  45              		.loc 1 78 0
  46              		.cfi_startproc
  47              		@ Volatile: function does not return.
  48              		@ args = 0, pretend = 0, frame = 0
  49              		@ frame_needed = 0, uses_anonymous_args = 0
  50              		@ link register save eliminated.
  51              	.L3:
  52 0000 FEE7     		b	.L3
  53              		.cfi_endproc
  54              	.LFE70:
  56 0002 00BF     		.section	.text.MemManage_Handler,"ax",%progbits
  57              		.align	2
  58              		.global	MemManage_Handler
  59              		.thumb
  60              		.thumb_func
  62              	MemManage_Handler:
  63              	.LFB71:
  79:Src/stm32f1xx_it.c ****   /* USER CODE BEGIN HardFault_IRQn 0 */
  80:Src/stm32f1xx_it.c **** 
  81:Src/stm32f1xx_it.c ****   /* USER CODE END HardFault_IRQn 0 */
  82:Src/stm32f1xx_it.c ****   while (1)
  83:Src/stm32f1xx_it.c ****   {
  84:Src/stm32f1xx_it.c ****     /* USER CODE BEGIN W1_HardFault_IRQn 0 */
  85:Src/stm32f1xx_it.c ****     /* USER CODE END W1_HardFault_IRQn 0 */
  86:Src/stm32f1xx_it.c ****   }
  87:Src/stm32f1xx_it.c ****   /* USER CODE BEGIN HardFault_IRQn 1 */
  88:Src/stm32f1xx_it.c **** 
  89:Src/stm32f1xx_it.c ****   /* USER CODE END HardFault_IRQn 1 */
  90:Src/stm32f1xx_it.c **** }
  91:Src/stm32f1xx_it.c **** 
  92:Src/stm32f1xx_it.c **** /**
  93:Src/stm32f1xx_it.c **** * @brief This function handles Memory management fault.
  94:Src/stm32f1xx_it.c **** */
  95:Src/stm32f1xx_it.c **** void MemManage_Handler(void)
  96:Src/stm32f1xx_it.c **** {
  64              		.loc 1 96 0
  65              		.cfi_startproc
  66              		@ Volatile: function does not return.
  67              		@ args = 0, pretend = 0, frame = 0
  68              		@ frame_needed = 0, uses_anonymous_args = 0
  69              		@ link register save eliminated.
  70              	.L5:
  71 0000 FEE7     		b	.L5
  72              		.cfi_endproc
  73              	.LFE71:
  75 0002 00BF     		.section	.text.BusFault_Handler,"ax",%progbits
  76              		.align	2
  77              		.global	BusFault_Handler
  78              		.thumb
  79              		.thumb_func
  81              	BusFault_Handler:
  82              	.LFB72:
ARM GAS  /tmp/ccop16tK.s 			page 4


  97:Src/stm32f1xx_it.c ****   /* USER CODE BEGIN MemoryManagement_IRQn 0 */
  98:Src/stm32f1xx_it.c **** 
  99:Src/stm32f1xx_it.c ****   /* USER CODE END MemoryManagement_IRQn 0 */
 100:Src/stm32f1xx_it.c ****   while (1)
 101:Src/stm32f1xx_it.c ****   {
 102:Src/stm32f1xx_it.c ****     /* USER CODE BEGIN W1_MemoryManagement_IRQn 0 */
 103:Src/stm32f1xx_it.c ****     /* USER CODE END W1_MemoryManagement_IRQn 0 */
 104:Src/stm32f1xx_it.c ****   }
 105:Src/stm32f1xx_it.c ****   /* USER CODE BEGIN MemoryManagement_IRQn 1 */
 106:Src/stm32f1xx_it.c **** 
 107:Src/stm32f1xx_it.c ****   /* USER CODE END MemoryManagement_IRQn 1 */
 108:Src/stm32f1xx_it.c **** }
 109:Src/stm32f1xx_it.c **** 
 110:Src/stm32f1xx_it.c **** /**
 111:Src/stm32f1xx_it.c **** * @brief This function handles Prefetch fault, memory access fault.
 112:Src/stm32f1xx_it.c **** */
 113:Src/stm32f1xx_it.c **** void BusFault_Handler(void)
 114:Src/stm32f1xx_it.c **** {
  83              		.loc 1 114 0
  84              		.cfi_startproc
  85              		@ Volatile: function does not return.
  86              		@ args = 0, pretend = 0, frame = 0
  87              		@ frame_needed = 0, uses_anonymous_args = 0
  88              		@ link register save eliminated.
  89              	.L7:
  90 0000 FEE7     		b	.L7
  91              		.cfi_endproc
  92              	.LFE72:
  94 0002 00BF     		.section	.text.UsageFault_Handler,"ax",%progbits
  95              		.align	2
  96              		.global	UsageFault_Handler
  97              		.thumb
  98              		.thumb_func
 100              	UsageFault_Handler:
 101              	.LFB73:
 115:Src/stm32f1xx_it.c ****   /* USER CODE BEGIN BusFault_IRQn 0 */
 116:Src/stm32f1xx_it.c **** 
 117:Src/stm32f1xx_it.c ****   /* USER CODE END BusFault_IRQn 0 */
 118:Src/stm32f1xx_it.c ****   while (1)
 119:Src/stm32f1xx_it.c ****   {
 120:Src/stm32f1xx_it.c ****     /* USER CODE BEGIN W1_BusFault_IRQn 0 */
 121:Src/stm32f1xx_it.c ****     /* USER CODE END W1_BusFault_IRQn 0 */
 122:Src/stm32f1xx_it.c ****   }
 123:Src/stm32f1xx_it.c ****   /* USER CODE BEGIN BusFault_IRQn 1 */
 124:Src/stm32f1xx_it.c **** 
 125:Src/stm32f1xx_it.c ****   /* USER CODE END BusFault_IRQn 1 */
 126:Src/stm32f1xx_it.c **** }
 127:Src/stm32f1xx_it.c **** 
 128:Src/stm32f1xx_it.c **** /**
 129:Src/stm32f1xx_it.c **** * @brief This function handles Undefined instruction or illegal state.
 130:Src/stm32f1xx_it.c **** */
 131:Src/stm32f1xx_it.c **** void UsageFault_Handler(void)
 132:Src/stm32f1xx_it.c **** {
 102              		.loc 1 132 0
 103              		.cfi_startproc
 104              		@ Volatile: function does not return.
 105              		@ args = 0, pretend = 0, frame = 0
ARM GAS  /tmp/ccop16tK.s 			page 5


 106              		@ frame_needed = 0, uses_anonymous_args = 0
 107              		@ link register save eliminated.
 108              	.L9:
 109 0000 FEE7     		b	.L9
 110              		.cfi_endproc
 111              	.LFE73:
 113 0002 00BF     		.section	.text.DebugMon_Handler,"ax",%progbits
 114              		.align	2
 115              		.global	DebugMon_Handler
 116              		.thumb
 117              		.thumb_func
 119              	DebugMon_Handler:
 120              	.LFB74:
 133:Src/stm32f1xx_it.c ****   /* USER CODE BEGIN UsageFault_IRQn 0 */
 134:Src/stm32f1xx_it.c **** 
 135:Src/stm32f1xx_it.c ****   /* USER CODE END UsageFault_IRQn 0 */
 136:Src/stm32f1xx_it.c ****   while (1)
 137:Src/stm32f1xx_it.c ****   {
 138:Src/stm32f1xx_it.c ****     /* USER CODE BEGIN W1_UsageFault_IRQn 0 */
 139:Src/stm32f1xx_it.c ****     /* USER CODE END W1_UsageFault_IRQn 0 */
 140:Src/stm32f1xx_it.c ****   }
 141:Src/stm32f1xx_it.c ****   /* USER CODE BEGIN UsageFault_IRQn 1 */
 142:Src/stm32f1xx_it.c **** 
 143:Src/stm32f1xx_it.c ****   /* USER CODE END UsageFault_IRQn 1 */
 144:Src/stm32f1xx_it.c **** }
 145:Src/stm32f1xx_it.c **** 
 146:Src/stm32f1xx_it.c **** /**
 147:Src/stm32f1xx_it.c **** * @brief This function handles Debug monitor.
 148:Src/stm32f1xx_it.c **** */
 149:Src/stm32f1xx_it.c **** void DebugMon_Handler(void)
 150:Src/stm32f1xx_it.c **** {
 121              		.loc 1 150 0
 122              		.cfi_startproc
 123              		@ args = 0, pretend = 0, frame = 0
 124              		@ frame_needed = 0, uses_anonymous_args = 0
 125              		@ link register save eliminated.
 126 0000 7047     		bx	lr
 127              		.cfi_endproc
 128              	.LFE74:
 130 0002 00BF     		.section	.text.SysTick_Handler,"ax",%progbits
 131              		.align	2
 132              		.global	SysTick_Handler
 133              		.thumb
 134              		.thumb_func
 136              	SysTick_Handler:
 137              	.LFB75:
 151:Src/stm32f1xx_it.c ****   /* USER CODE BEGIN DebugMonitor_IRQn 0 */
 152:Src/stm32f1xx_it.c **** 
 153:Src/stm32f1xx_it.c ****   /* USER CODE END DebugMonitor_IRQn 0 */
 154:Src/stm32f1xx_it.c ****   /* USER CODE BEGIN DebugMonitor_IRQn 1 */
 155:Src/stm32f1xx_it.c **** 
 156:Src/stm32f1xx_it.c ****   /* USER CODE END DebugMonitor_IRQn 1 */
 157:Src/stm32f1xx_it.c **** }
 158:Src/stm32f1xx_it.c **** 
 159:Src/stm32f1xx_it.c **** /**
 160:Src/stm32f1xx_it.c **** * @brief This function handles System tick timer.
 161:Src/stm32f1xx_it.c **** */
ARM GAS  /tmp/ccop16tK.s 			page 6


 162:Src/stm32f1xx_it.c **** void SysTick_Handler(void)
 163:Src/stm32f1xx_it.c **** {
 138              		.loc 1 163 0
 139              		.cfi_startproc
 140              		@ args = 0, pretend = 0, frame = 0
 141              		@ frame_needed = 0, uses_anonymous_args = 0
 142              		.loc 1 163 0
 143 0000 08B5     		push	{r3, lr}
 144              	.LCFI0:
 145              		.cfi_def_cfa_offset 8
 146              		.cfi_offset 3, -8
 147              		.cfi_offset 14, -4
 164:Src/stm32f1xx_it.c ****   /* USER CODE BEGIN SysTick_IRQn 0 */
 165:Src/stm32f1xx_it.c **** 
 166:Src/stm32f1xx_it.c ****   /* USER CODE END SysTick_IRQn 0 */
 167:Src/stm32f1xx_it.c ****   osSystickHandler();
 148              		.loc 1 167 0
 149 0002 FFF7FEFF 		bl	osSystickHandler
 150              	.LVL0:
 151 0006 08BD     		pop	{r3, pc}
 152              		.cfi_endproc
 153              	.LFE75:
 155              		.section	.text.DMA1_Channel6_IRQHandler,"ax",%progbits
 156              		.align	2
 157              		.global	DMA1_Channel6_IRQHandler
 158              		.thumb
 159              		.thumb_func
 161              	DMA1_Channel6_IRQHandler:
 162              	.LFB76:
 168:Src/stm32f1xx_it.c ****   /* USER CODE BEGIN SysTick_IRQn 1 */
 169:Src/stm32f1xx_it.c **** 
 170:Src/stm32f1xx_it.c ****   /* USER CODE END SysTick_IRQn 1 */
 171:Src/stm32f1xx_it.c **** }
 172:Src/stm32f1xx_it.c **** 
 173:Src/stm32f1xx_it.c **** /******************************************************************************/
 174:Src/stm32f1xx_it.c **** /* STM32F1xx Peripheral Interrupt Handlers                                    */
 175:Src/stm32f1xx_it.c **** /* Add here the Interrupt Handlers for the used peripherals.                  */
 176:Src/stm32f1xx_it.c **** /* For the available peripheral interrupt handler names,                      */
 177:Src/stm32f1xx_it.c **** /* please refer to the startup file (startup_stm32f1xx.s).                    */
 178:Src/stm32f1xx_it.c **** /******************************************************************************/
 179:Src/stm32f1xx_it.c **** 
 180:Src/stm32f1xx_it.c **** /**
 181:Src/stm32f1xx_it.c **** * @brief This function handles DMA1 channel6 global interrupt.
 182:Src/stm32f1xx_it.c **** */
 183:Src/stm32f1xx_it.c **** void DMA1_Channel6_IRQHandler(void)
 184:Src/stm32f1xx_it.c **** {
 163              		.loc 1 184 0
 164              		.cfi_startproc
 165              		@ args = 0, pretend = 0, frame = 0
 166              		@ frame_needed = 0, uses_anonymous_args = 0
 167 0000 08B5     		push	{r3, lr}
 168              	.LCFI1:
 169              		.cfi_def_cfa_offset 8
 170              		.cfi_offset 3, -8
 171              		.cfi_offset 14, -4
 185:Src/stm32f1xx_it.c ****   /* USER CODE BEGIN DMA1_Channel6_IRQn 0 */
 186:Src/stm32f1xx_it.c **** 
ARM GAS  /tmp/ccop16tK.s 			page 7


 187:Src/stm32f1xx_it.c ****   /* USER CODE END DMA1_Channel6_IRQn 0 */
 188:Src/stm32f1xx_it.c ****   HAL_DMA_IRQHandler(&hdma_usart2_rx);
 172              		.loc 1 188 0
 173 0002 0248     		ldr	r0, .L15
 174 0004 FFF7FEFF 		bl	HAL_DMA_IRQHandler
 175              	.LVL1:
 176 0008 08BD     		pop	{r3, pc}
 177              	.L16:
 178 000a 00BF     		.align	2
 179              	.L15:
 180 000c 00000000 		.word	hdma_usart2_rx
 181              		.cfi_endproc
 182              	.LFE76:
 184              		.section	.text.DMA1_Channel7_IRQHandler,"ax",%progbits
 185              		.align	2
 186              		.global	DMA1_Channel7_IRQHandler
 187              		.thumb
 188              		.thumb_func
 190              	DMA1_Channel7_IRQHandler:
 191              	.LFB77:
 189:Src/stm32f1xx_it.c ****   /* USER CODE BEGIN DMA1_Channel6_IRQn 1 */
 190:Src/stm32f1xx_it.c **** 
 191:Src/stm32f1xx_it.c ****   /* USER CODE END DMA1_Channel6_IRQn 1 */
 192:Src/stm32f1xx_it.c **** }
 193:Src/stm32f1xx_it.c **** 
 194:Src/stm32f1xx_it.c **** /**
 195:Src/stm32f1xx_it.c **** * @brief This function handles DMA1 channel7 global interrupt.
 196:Src/stm32f1xx_it.c **** */
 197:Src/stm32f1xx_it.c **** void DMA1_Channel7_IRQHandler(void)
 198:Src/stm32f1xx_it.c **** {
 192              		.loc 1 198 0
 193              		.cfi_startproc
 194              		@ args = 0, pretend = 0, frame = 0
 195              		@ frame_needed = 0, uses_anonymous_args = 0
 196 0000 08B5     		push	{r3, lr}
 197              	.LCFI2:
 198              		.cfi_def_cfa_offset 8
 199              		.cfi_offset 3, -8
 200              		.cfi_offset 14, -4
 199:Src/stm32f1xx_it.c ****   /* USER CODE BEGIN DMA1_Channel7_IRQn 0 */
 200:Src/stm32f1xx_it.c **** 
 201:Src/stm32f1xx_it.c ****   /* USER CODE END DMA1_Channel7_IRQn 0 */
 202:Src/stm32f1xx_it.c ****   HAL_DMA_IRQHandler(&hdma_usart2_tx);
 201              		.loc 1 202 0
 202 0002 0248     		ldr	r0, .L19
 203 0004 FFF7FEFF 		bl	HAL_DMA_IRQHandler
 204              	.LVL2:
 205 0008 08BD     		pop	{r3, pc}
 206              	.L20:
 207 000a 00BF     		.align	2
 208              	.L19:
 209 000c 00000000 		.word	hdma_usart2_tx
 210              		.cfi_endproc
 211              	.LFE77:
 213              		.section	.text.USB_LP_CAN1_RX0_IRQHandler,"ax",%progbits
 214              		.align	2
 215              		.global	USB_LP_CAN1_RX0_IRQHandler
ARM GAS  /tmp/ccop16tK.s 			page 8


 216              		.thumb
 217              		.thumb_func
 219              	USB_LP_CAN1_RX0_IRQHandler:
 220              	.LFB78:
 203:Src/stm32f1xx_it.c ****   /* USER CODE BEGIN DMA1_Channel7_IRQn 1 */
 204:Src/stm32f1xx_it.c **** 
 205:Src/stm32f1xx_it.c ****   /* USER CODE END DMA1_Channel7_IRQn 1 */
 206:Src/stm32f1xx_it.c **** }
 207:Src/stm32f1xx_it.c **** 
 208:Src/stm32f1xx_it.c **** /**
 209:Src/stm32f1xx_it.c **** * @brief This function handles USB low priority or CAN RX0 interrupts.
 210:Src/stm32f1xx_it.c **** */
 211:Src/stm32f1xx_it.c **** void USB_LP_CAN1_RX0_IRQHandler(void)
 212:Src/stm32f1xx_it.c **** {
 221              		.loc 1 212 0
 222              		.cfi_startproc
 223              		@ args = 0, pretend = 0, frame = 0
 224              		@ frame_needed = 0, uses_anonymous_args = 0
 225 0000 08B5     		push	{r3, lr}
 226              	.LCFI3:
 227              		.cfi_def_cfa_offset 8
 228              		.cfi_offset 3, -8
 229              		.cfi_offset 14, -4
 213:Src/stm32f1xx_it.c ****   /* USER CODE BEGIN USB_LP_CAN1_RX0_IRQn 0 */
 214:Src/stm32f1xx_it.c **** 
 215:Src/stm32f1xx_it.c ****   /* USER CODE END USB_LP_CAN1_RX0_IRQn 0 */
 216:Src/stm32f1xx_it.c ****   HAL_CAN_IRQHandler(&hcan);
 230              		.loc 1 216 0
 231 0002 0248     		ldr	r0, .L23
 232 0004 FFF7FEFF 		bl	HAL_CAN_IRQHandler
 233              	.LVL3:
 234 0008 08BD     		pop	{r3, pc}
 235              	.L24:
 236 000a 00BF     		.align	2
 237              	.L23:
 238 000c 00000000 		.word	hcan
 239              		.cfi_endproc
 240              	.LFE78:
 242              		.section	.text.TIM4_IRQHandler,"ax",%progbits
 243              		.align	2
 244              		.global	TIM4_IRQHandler
 245              		.thumb
 246              		.thumb_func
 248              	TIM4_IRQHandler:
 249              	.LFB79:
 217:Src/stm32f1xx_it.c ****   /* USER CODE BEGIN USB_LP_CAN1_RX0_IRQn 1 */
 218:Src/stm32f1xx_it.c **** 
 219:Src/stm32f1xx_it.c ****   /* USER CODE END USB_LP_CAN1_RX0_IRQn 1 */
 220:Src/stm32f1xx_it.c **** }
 221:Src/stm32f1xx_it.c **** 
 222:Src/stm32f1xx_it.c **** /**
 223:Src/stm32f1xx_it.c **** * @brief This function handles TIM4 global interrupt.
 224:Src/stm32f1xx_it.c **** */
 225:Src/stm32f1xx_it.c **** void TIM4_IRQHandler(void)
 226:Src/stm32f1xx_it.c **** {
 250              		.loc 1 226 0
 251              		.cfi_startproc
ARM GAS  /tmp/ccop16tK.s 			page 9


 252              		@ args = 0, pretend = 0, frame = 0
 253              		@ frame_needed = 0, uses_anonymous_args = 0
 254 0000 08B5     		push	{r3, lr}
 255              	.LCFI4:
 256              		.cfi_def_cfa_offset 8
 257              		.cfi_offset 3, -8
 258              		.cfi_offset 14, -4
 227:Src/stm32f1xx_it.c ****   /* USER CODE BEGIN TIM4_IRQn 0 */
 228:Src/stm32f1xx_it.c **** 
 229:Src/stm32f1xx_it.c ****   /* USER CODE END TIM4_IRQn 0 */
 230:Src/stm32f1xx_it.c ****   HAL_TIM_IRQHandler(&htim4);
 259              		.loc 1 230 0
 260 0002 0248     		ldr	r0, .L27
 261 0004 FFF7FEFF 		bl	HAL_TIM_IRQHandler
 262              	.LVL4:
 263 0008 08BD     		pop	{r3, pc}
 264              	.L28:
 265 000a 00BF     		.align	2
 266              	.L27:
 267 000c 00000000 		.word	htim4
 268              		.cfi_endproc
 269              	.LFE79:
 271              		.section	.text.USART1_IRQHandler,"ax",%progbits
 272              		.align	2
 273              		.global	USART1_IRQHandler
 274              		.thumb
 275              		.thumb_func
 277              	USART1_IRQHandler:
 278              	.LFB80:
 231:Src/stm32f1xx_it.c ****   /* USER CODE BEGIN TIM4_IRQn 1 */
 232:Src/stm32f1xx_it.c **** 
 233:Src/stm32f1xx_it.c ****   /* USER CODE END TIM4_IRQn 1 */
 234:Src/stm32f1xx_it.c **** }
 235:Src/stm32f1xx_it.c **** 
 236:Src/stm32f1xx_it.c **** /**
 237:Src/stm32f1xx_it.c **** * @brief This function handles USART1 global interrupt.
 238:Src/stm32f1xx_it.c **** */
 239:Src/stm32f1xx_it.c **** void USART1_IRQHandler(void)
 240:Src/stm32f1xx_it.c **** {
 279              		.loc 1 240 0
 280              		.cfi_startproc
 281              		@ args = 0, pretend = 0, frame = 0
 282              		@ frame_needed = 0, uses_anonymous_args = 0
 283 0000 08B5     		push	{r3, lr}
 284              	.LCFI5:
 285              		.cfi_def_cfa_offset 8
 286              		.cfi_offset 3, -8
 287              		.cfi_offset 14, -4
 241:Src/stm32f1xx_it.c ****   /* USER CODE BEGIN USART1_IRQn 0 */
 242:Src/stm32f1xx_it.c **** 
 243:Src/stm32f1xx_it.c ****   /* USER CODE END USART1_IRQn 0 */
 244:Src/stm32f1xx_it.c ****   HAL_UART_IRQHandler(&huart1);
 288              		.loc 1 244 0
 289 0002 0248     		ldr	r0, .L31
 290 0004 FFF7FEFF 		bl	HAL_UART_IRQHandler
 291              	.LVL5:
 292 0008 08BD     		pop	{r3, pc}
ARM GAS  /tmp/ccop16tK.s 			page 10


 293              	.L32:
 294 000a 00BF     		.align	2
 295              	.L31:
 296 000c 00000000 		.word	huart1
 297              		.cfi_endproc
 298              	.LFE80:
 300              		.section	.text.USART2_IRQHandler,"ax",%progbits
 301              		.align	2
 302              		.global	USART2_IRQHandler
 303              		.thumb
 304              		.thumb_func
 306              	USART2_IRQHandler:
 307              	.LFB81:
 245:Src/stm32f1xx_it.c ****   /* USER CODE BEGIN USART1_IRQn 1 */
 246:Src/stm32f1xx_it.c **** 
 247:Src/stm32f1xx_it.c ****   /* USER CODE END USART1_IRQn 1 */
 248:Src/stm32f1xx_it.c **** }
 249:Src/stm32f1xx_it.c **** 
 250:Src/stm32f1xx_it.c **** /**
 251:Src/stm32f1xx_it.c **** * @brief This function handles USART2 global interrupt.
 252:Src/stm32f1xx_it.c **** */
 253:Src/stm32f1xx_it.c **** void USART2_IRQHandler(void)
 254:Src/stm32f1xx_it.c **** {
 308              		.loc 1 254 0
 309              		.cfi_startproc
 310              		@ args = 0, pretend = 0, frame = 8
 311              		@ frame_needed = 0, uses_anonymous_args = 0
 312 0000 00B5     		push	{lr}
 313              	.LCFI6:
 314              		.cfi_def_cfa_offset 4
 315              		.cfi_offset 14, -4
 316 0002 83B0     		sub	sp, sp, #12
 317              	.LCFI7:
 318              		.cfi_def_cfa_offset 16
 255:Src/stm32f1xx_it.c ****   /* USER CODE BEGIN USART2_IRQn 0 */
 256:Src/stm32f1xx_it.c **** 
 257:Src/stm32f1xx_it.c ****   /* USER CODE END USART2_IRQn 0 */
 258:Src/stm32f1xx_it.c ****   HAL_UART_IRQHandler(&huart2);
 319              		.loc 1 258 0
 320 0004 1148     		ldr	r0, .L36
 321 0006 FFF7FEFF 		bl	HAL_UART_IRQHandler
 322              	.LVL6:
 259:Src/stm32f1xx_it.c ****   /* USER CODE BEGIN USART2_IRQn 1 */
 260:Src/stm32f1xx_it.c ****   uint32_t tmp_flag = 0;
 261:Src/stm32f1xx_it.c ****   uint32_t temp;
 262:Src/stm32f1xx_it.c ****   tmp_flag =__HAL_UART_GET_FLAG(&huart1,UART_FLAG_IDLE); //Ëé∑ÂèñIDLEÊ†áÂøó‰Ωç
 323              		.loc 1 262 0
 324 000a 114B     		ldr	r3, .L36+4
 325 000c 1B68     		ldr	r3, [r3]
 326 000e 1B68     		ldr	r3, [r3]
 327              	.LVL7:
 263:Src/stm32f1xx_it.c ****   if((tmp_flag != RESET))//idleÊ†áÂøóË¢´ÁΩÆ‰Ωç
 328              		.loc 1 263 0
 329 0010 13F0100F 		tst	r3, #16
 330 0014 17D0     		beq	.L33
 331              	.LBB2:
 264:Src/stm32f1xx_it.c ****   { 
ARM GAS  /tmp/ccop16tK.s 			page 11


 265:Src/stm32f1xx_it.c ****     __HAL_UART_CLEAR_IDLEFLAG(&huart2);//Ê∏ÖÈô§Ê†áÂøó‰Ωç
 332              		.loc 1 265 0
 333 0016 0023     		movs	r3, #0
 334              	.LVL8:
 335 0018 0193     		str	r3, [sp, #4]
 336 001a 0C48     		ldr	r0, .L36
 337 001c 0368     		ldr	r3, [r0]
 338 001e 1A68     		ldr	r2, [r3]
 339 0020 0192     		str	r2, [sp, #4]
 340 0022 5A68     		ldr	r2, [r3, #4]
 341 0024 0192     		str	r2, [sp, #4]
 342 0026 019A     		ldr	r2, [sp, #4]
 343              	.LBE2:
 266:Src/stm32f1xx_it.c ****     temp = huart2.Instance->SR;  //Ê∏ÖÈô§Áä∂ÊÄÅÂØÑÂ≠òÂô®SR,ËØªÂèñSRÂØÑÂ≠òÂô®ÂèØ‰ª•ÂÆûÁé∞Ê∏ÖÈô§SRÂØÑ
 344              		.loc 1 266 0
 345 0028 1A68     		ldr	r2, [r3]
 267:Src/stm32f1xx_it.c ****     temp = huart2.Instance->DR; //ËØªÂèñÊï∞ÊçÆÂØÑÂ≠òÂô®‰∏≠ÁöÑÊï∞ÊçÆ
 346              		.loc 1 267 0
 347 002a 5B68     		ldr	r3, [r3, #4]
 268:Src/stm32f1xx_it.c ****     HAL_UART_DMAStop(&huart2); //
 348              		.loc 1 268 0
 349 002c FFF7FEFF 		bl	HAL_UART_DMAStop
 350              	.LVL9:
 269:Src/stm32f1xx_it.c ****     temp  = hdma_usart2_rx.Instance -> CNDTR;// Ëé∑ÂèñDMA‰∏≠Êú™‰º†ËæìÁöÑÊï∞ÊçÆ‰∏™Êï∞ÔºåNDTRÂØÑÂ≠òÂô
 351              		.loc 1 269 0
 352 0030 084B     		ldr	r3, .L36+8
 353 0032 1B68     		ldr	r3, [r3]
 354 0034 5A68     		ldr	r2, [r3, #4]
 355              	.LVL10:
 270:Src/stm32f1xx_it.c ****     rx_len =  aRxBuffer2_Data_Size - temp; //ÊÄªËÆ°Êï∞ÂáèÂéªÊú™‰º†ËæìÁöÑÊï∞ÊçÆ‰∏™Êï∞ÔºåÂæóÂà∞Â∑≤Áªè
 356              		.loc 1 270 0
 357 0036 084B     		ldr	r3, .L36+12
 358 0038 1B68     		ldr	r3, [r3]
 359 003a 9B1A     		subs	r3, r3, r2
 360 003c 074A     		ldr	r2, .L36+16
 361              	.LVL11:
 362 003e 1370     		strb	r3, [r2]
 271:Src/stm32f1xx_it.c ****     recv_end_flag = 1;	// Êé•ÂèóÂÆåÊàêÊ†áÂøó‰ΩçÁΩÆ1	
 363              		.loc 1 271 0
 364 0040 0122     		movs	r2, #1
 365 0042 074B     		ldr	r3, .L36+20
 366 0044 1A70     		strb	r2, [r3]
 367              	.L33:
 272:Src/stm32f1xx_it.c ****    }
 273:Src/stm32f1xx_it.c ****   /* USER CODE END USART2_IRQn 1 */
 274:Src/stm32f1xx_it.c **** }
 368              		.loc 1 274 0
 369 0046 03B0     		add	sp, sp, #12
 370              	.LCFI8:
 371              		.cfi_def_cfa_offset 4
 372              		@ sp needed
 373 0048 5DF804FB 		ldr	pc, [sp], #4
 374              	.L37:
 375              		.align	2
 376              	.L36:
 377 004c 00000000 		.word	huart2
 378 0050 00000000 		.word	huart1
ARM GAS  /tmp/ccop16tK.s 			page 12


 379 0054 00000000 		.word	hdma_usart2_rx
 380 0058 00000000 		.word	aRxBuffer2_Data_Size
 381 005c 00000000 		.word	rx_len
 382 0060 00000000 		.word	recv_end_flag
 383              		.cfi_endproc
 384              	.LFE81:
 386              		.section	.text.USART3_IRQHandler,"ax",%progbits
 387              		.align	2
 388              		.global	USART3_IRQHandler
 389              		.thumb
 390              		.thumb_func
 392              	USART3_IRQHandler:
 393              	.LFB82:
 275:Src/stm32f1xx_it.c **** 
 276:Src/stm32f1xx_it.c **** /**
 277:Src/stm32f1xx_it.c **** * @brief This function handles USART3 global interrupt.
 278:Src/stm32f1xx_it.c **** */
 279:Src/stm32f1xx_it.c **** void USART3_IRQHandler(void)
 280:Src/stm32f1xx_it.c **** {
 394              		.loc 1 280 0
 395              		.cfi_startproc
 396              		@ args = 0, pretend = 0, frame = 0
 397              		@ frame_needed = 0, uses_anonymous_args = 0
 398 0000 08B5     		push	{r3, lr}
 399              	.LCFI9:
 400              		.cfi_def_cfa_offset 8
 401              		.cfi_offset 3, -8
 402              		.cfi_offset 14, -4
 281:Src/stm32f1xx_it.c ****   /* USER CODE BEGIN USART3_IRQn 0 */
 282:Src/stm32f1xx_it.c **** 
 283:Src/stm32f1xx_it.c ****   /* USER CODE END USART3_IRQn 0 */
 284:Src/stm32f1xx_it.c ****   HAL_UART_IRQHandler(&huart3);
 403              		.loc 1 284 0
 404 0002 0248     		ldr	r0, .L40
 405 0004 FFF7FEFF 		bl	HAL_UART_IRQHandler
 406              	.LVL12:
 407 0008 08BD     		pop	{r3, pc}
 408              	.L41:
 409 000a 00BF     		.align	2
 410              	.L40:
 411 000c 00000000 		.word	huart3
 412              		.cfi_endproc
 413              	.LFE82:
 415              		.text
 416              	.Letext0:
 417              		.file 2 "/home/user/Library/gcc-arm-none-eabi-5_4-2016q3/arm-none-eabi/include/machine/_default_ty
 418              		.file 3 "/home/user/Library/gcc-arm-none-eabi-5_4-2016q3/arm-none-eabi/include/sys/_stdint.h"
 419              		.file 4 "Drivers/CMSIS/Device/ST/STM32F1xx/Include/stm32f103xe.h"
 420              		.file 5 "Drivers/CMSIS/Device/ST/STM32F1xx/Include/stm32f1xx.h"
 421              		.file 6 "Drivers/STM32F1xx_HAL_Driver/Inc/stm32f1xx_hal_def.h"
 422              		.file 7 "Drivers/STM32F1xx_HAL_Driver/Inc/stm32f1xx_hal_dma.h"
 423              		.file 8 "Drivers/STM32F1xx_HAL_Driver/Inc/stm32f1xx_hal_can.h"
 424              		.file 9 "Drivers/STM32F1xx_HAL_Driver/Inc/stm32f1xx_hal_tim.h"
 425              		.file 10 "Drivers/STM32F1xx_HAL_Driver/Inc/stm32f1xx_hal_uart.h"
 426              		.file 11 "Drivers/CMSIS/Include/core_cm3.h"
 427              		.file 12 "Middlewares/Third_Party/FreeRTOS/Source/CMSIS_RTOS/cmsis_os.h"
ARM GAS  /tmp/ccop16tK.s 			page 13


DEFINED SYMBOLS
                            *ABS*:00000000 stm32f1xx_it.c
     /tmp/ccop16tK.s:20     .text.NMI_Handler:00000000 $t
     /tmp/ccop16tK.s:25     .text.NMI_Handler:00000000 NMI_Handler
     /tmp/ccop16tK.s:38     .text.HardFault_Handler:00000000 $t
     /tmp/ccop16tK.s:43     .text.HardFault_Handler:00000000 HardFault_Handler
     /tmp/ccop16tK.s:57     .text.MemManage_Handler:00000000 $t
     /tmp/ccop16tK.s:62     .text.MemManage_Handler:00000000 MemManage_Handler
     /tmp/ccop16tK.s:76     .text.BusFault_Handler:00000000 $t
     /tmp/ccop16tK.s:81     .text.BusFault_Handler:00000000 BusFault_Handler
     /tmp/ccop16tK.s:95     .text.UsageFault_Handler:00000000 $t
     /tmp/ccop16tK.s:100    .text.UsageFault_Handler:00000000 UsageFault_Handler
     /tmp/ccop16tK.s:114    .text.DebugMon_Handler:00000000 $t
     /tmp/ccop16tK.s:119    .text.DebugMon_Handler:00000000 DebugMon_Handler
     /tmp/ccop16tK.s:131    .text.SysTick_Handler:00000000 $t
     /tmp/ccop16tK.s:136    .text.SysTick_Handler:00000000 SysTick_Handler
     /tmp/ccop16tK.s:156    .text.DMA1_Channel6_IRQHandler:00000000 $t
     /tmp/ccop16tK.s:161    .text.DMA1_Channel6_IRQHandler:00000000 DMA1_Channel6_IRQHandler
     /tmp/ccop16tK.s:180    .text.DMA1_Channel6_IRQHandler:0000000c $d
     /tmp/ccop16tK.s:185    .text.DMA1_Channel7_IRQHandler:00000000 $t
     /tmp/ccop16tK.s:190    .text.DMA1_Channel7_IRQHandler:00000000 DMA1_Channel7_IRQHandler
     /tmp/ccop16tK.s:209    .text.DMA1_Channel7_IRQHandler:0000000c $d
     /tmp/ccop16tK.s:214    .text.USB_LP_CAN1_RX0_IRQHandler:00000000 $t
     /tmp/ccop16tK.s:219    .text.USB_LP_CAN1_RX0_IRQHandler:00000000 USB_LP_CAN1_RX0_IRQHandler
     /tmp/ccop16tK.s:238    .text.USB_LP_CAN1_RX0_IRQHandler:0000000c $d
     /tmp/ccop16tK.s:243    .text.TIM4_IRQHandler:00000000 $t
     /tmp/ccop16tK.s:248    .text.TIM4_IRQHandler:00000000 TIM4_IRQHandler
     /tmp/ccop16tK.s:267    .text.TIM4_IRQHandler:0000000c $d
     /tmp/ccop16tK.s:272    .text.USART1_IRQHandler:00000000 $t
     /tmp/ccop16tK.s:277    .text.USART1_IRQHandler:00000000 USART1_IRQHandler
     /tmp/ccop16tK.s:296    .text.USART1_IRQHandler:0000000c $d
     /tmp/ccop16tK.s:301    .text.USART2_IRQHandler:00000000 $t
     /tmp/ccop16tK.s:306    .text.USART2_IRQHandler:00000000 USART2_IRQHandler
     /tmp/ccop16tK.s:377    .text.USART2_IRQHandler:0000004c $d
     /tmp/ccop16tK.s:387    .text.USART3_IRQHandler:00000000 $t
     /tmp/ccop16tK.s:392    .text.USART3_IRQHandler:00000000 USART3_IRQHandler
     /tmp/ccop16tK.s:411    .text.USART3_IRQHandler:0000000c $d
                     .debug_frame:00000010 $d

UNDEFINED SYMBOLS
osSystickHandler
HAL_DMA_IRQHandler
hdma_usart2_rx
hdma_usart2_tx
HAL_CAN_IRQHandler
hcan
HAL_TIM_IRQHandler
htim4
HAL_UART_IRQHandler
huart1
HAL_UART_DMAStop
huart2
aRxBuffer2_Data_Size
rx_len
recv_end_flag
huart3
